# JRE version: Java(TM) SE Runtime Environment (7.0_45-b18) (build 1.7.0_45-b18)
# Java VM: Java HotSpot(TM) 64-Bit Server VM (24.45-b08 mixed mode windows-amd64 compressed oops)
Heap
 PSYoungGen      total 205824K, used 66769K [0x00000000eaa80000, 0x00000000fe800000, 0x0000000100000000)
  eden space 169472K, 20% used [0x00000000eaa80000,0x00000000ecbff0c0,0x00000000f5000000)
  from space 36352K, 89% used [0x00000000f8000000,0x00000000f9fb5628,0x00000000fa380000)
  to   space 49152K, 0% used [0x00000000f5000000,0x00000000f5000000,0x00000000f8000000)
 ParOldGen       total 124416K, used 69830K [0x00000000c0000000, 0x00000000c7980000, 0x00000000eaa80000)
  object space 124416K, 56% used [0x00000000c0000000,0x00000000c44319d8,0x00000000c7980000)
 PSPermGen       total 21504K, used 6123K [0x00000000bae00000, 0x00000000bc300000, 0x00000000c0000000)
  object space 21504K, 28% used [0x00000000bae00000,0x00000000bb3fadb0,0x00000000bc300000)
GC Heap History (10 events):
Event: 27.570 GC heap before
{Heap before GC invocations=10 (full 1):
 PSYoungGen      total 126976K, used 16360K [0x00000000eaa80000, 0x00000000f8680000, 0x0000000100000000)
  eden space 110592K, 0% used [0x00000000eaa80000,0x00000000eaa80000,0x00000000f1680000)
  from space 16384K, 99% used [0x00000000f1680000,0x00000000f267a1a8,0x00000000f2680000)
  to   space 24064K, 0% used [0x00000000f6f00000,0x00000000f6f00000,0x00000000f8680000)
 ParOldGen       total 37376K, used 29292K [0x00000000c0000000, 0x00000000c2480000, 0x00000000eaa80000)
  object space 37376K, 78% used [0x00000000c0000000,0x00000000c1c9b058,0x00000000c2480000)
 PSPermGen       total 21504K, used 6041K [0x00000000bae00000, 0x00000000bc300000, 0x00000000c0000000)
  object space 21504K, 28% used [0x00000000bae00000,0x00000000bb3e6430,0x00000000bc300000)
Event: 29.760 GC heap after
Heap after GC invocations=10 (full 1):
 PSYoungGen      total 126976K, used 5582K [0x00000000eaa80000, 0x00000000f8680000, 0x0000000100000000)
  eden space 110592K, 0% used [0x00000000eaa80000,0x00000000eaa80000,0x00000000f1680000)
  from space 16384K, 34% used [0x00000000f1680000,0x00000000f1bf3a38,0x00000000f2680000)
  to   space 24064K, 0% used [0x00000000f6f00000,0x00000000f6f00000,0x00000000f8680000)
 ParOldGen       total 70144K, used 36885K [0x00000000c0000000, 0x00000000c4480000, 0x00000000eaa80000)
  object space 70144K, 52% used [0x00000000c0000000,0x00000000c2405480,0x00000000c4480000)
 PSPermGen       total 21504K, used 6035K [0x00000000bae00000, 0x00000000bc300000, 0x00000000c0000000)
  object space 21504K, 28% used [0x00000000bae00000,0x00000000bb3e4e90,0x00000000bc300000)
}
Event: 33.491 GC heap before
{Heap before GC invocations=11 (full 1):
 PSYoungGen      total 126976K, used 116174K [0x00000000eaa80000, 0x00000000f8680000, 0x0000000100000000)
  eden space 110592K, 100% used [0x00000000eaa80000,0x00000000f1680000,0x00000000f1680000)
  from space 16384K, 34% used [0x00000000f1680000,0x00000000f1bf3a38,0x00000000f2680000)
  to   space 24064K, 0% used [0x00000000f6f00000,0x00000000f6f00000,0x00000000f8680000)
 ParOldGen       total 70144K, used 36885K [0x00000000c0000000, 0x00000000c4480000, 0x00000000eaa80000)
  object space 70144K, 52% used [0x00000000c0000000,0x00000000c2405480,0x00000000c4480000)
 PSPermGen       total 21504K, used 6083K [0x00000000bae00000, 0x00000000bc300000, 0x00000000c0000000)
  object space 21504K, 28% used [0x00000000bae00000,0x00000000bb3f0c20,0x00000000bc300000)
Event: 33.781 GC heap after
Heap after GC invocations=11 (full 1):
 PSYoungGen      total 160256K, used 20127K [0x00000000eaa80000, 0x00000000f8300000, 0x0000000100000000)
  eden space 139776K, 0% used [0x00000000eaa80000,0x00000000eaa80000,0x00000000f3300000)
  from space 20480K, 98% used [0x00000000f6f00000,0x00000000f82a7d20,0x00000000f8300000)
  to   space 27136K, 0% used [0x00000000f4e00000,0x00000000f4e00000,0x00000000f6880000)
 ParOldGen       total 70144K, used 38785K [0x00000000c0000000, 0x00000000c4480000, 0x00000000eaa80000)
  object space 70144K, 55% used [0x00000000c0000000,0x00000000c25e0558,0x00000000c4480000)
 PSPermGen       total 21504K, used 6083K [0x00000000bae00000, 0x00000000bc300000, 0x00000000c0000000)
  object space 21504K, 28% used [0x00000000bae00000,0x00000000bb3f0c20,0x00000000bc300000)
}
Event: 36.484 GC heap before
{Heap before GC invocations=12 (full 1):
 PSYoungGen      total 160256K, used 159903K [0x00000000eaa80000, 0x00000000f8300000, 0x0000000100000000)
  eden space 139776K, 100% used [0x00000000eaa80000,0x00000000f3300000,0x00000000f3300000)
  from space 20480K, 98% used [0x00000000f6f00000,0x00000000f82a7d20,0x00000000f8300000)
  to   space 27136K, 0% used [0x00000000f4e00000,0x00000000f4e00000,0x00000000f6880000)
 ParOldGen       total 70144K, used 38785K [0x00000000c0000000, 0x00000000c4480000, 0x00000000eaa80000)
  object space 70144K, 55% used [0x00000000c0000000,0x00000000c25e0558,0x00000000c4480000)
 PSPermGen       total 21504K, used 6106K [0x00000000bae00000, 0x00000000bc300000, 0x00000000c0000000)
  object space 21504K, 28% used [0x00000000bae00000,0x00000000bb3f6a70,0x00000000bc300000)
Event: 36.874 GC heap after
Heap after GC invocations=12 (full 1):
 PSYoungGen      total 194560K, used 27131K [0x00000000eaa80000, 0x00000000fa380000, 0x0000000100000000)
  eden space 167424K, 0% used [0x00000000eaa80000,0x00000000eaa80000,0x00000000f4e00000)
  from space 27136K, 99% used [0x00000000f4e00000,0x00000000f687ee30,0x00000000f6880000)
  to   space 36352K, 0% used [0x00000000f8000000,0x00000000f8000000,0x00000000fa380000)
 ParOldGen       total 70144K, used 51360K [0x00000000c0000000, 0x00000000c4480000, 0x00000000eaa80000)
  object space 70144K, 73% used [0x00000000c0000000,0x00000000c32280d8,0x00000000c4480000)
 PSPermGen       total 21504K, used 6106K [0x00000000bae00000, 0x00000000bc300000, 0x00000000c0000000)
  object space 21504K, 28% used [0x00000000bae00000,0x00000000bb3f6a70,0x00000000bc300000)
}
Event: 39.162 GC heap before
{Heap before GC invocations=13 (full 1):
 PSYoungGen      total 194560K, used 194555K [0x00000000eaa80000, 0x00000000fa380000, 0x0000000100000000)
  eden space 167424K, 100% used [0x00000000eaa80000,0x00000000f4e00000,0x00000000f4e00000)
  from space 27136K, 99% used [0x00000000f4e00000,0x00000000f687ee30,0x00000000f6880000)
  to   space 36352K, 0% used [0x00000000f8000000,0x00000000f8000000,0x00000000fa380000)
 ParOldGen       total 70144K, used 51360K [0x00000000c0000000, 0x00000000c4480000, 0x00000000eaa80000)
  object space 70144K, 73% used [0x00000000c0000000,0x00000000c32280d8,0x00000000c4480000)
 PSPermGen       total 21504K, used 6121K [0x00000000bae00000, 0x00000000bc300000, 0x00000000c0000000)
  object space 21504K, 28% used [0x00000000bae00000,0x00000000bb3fa508,0x00000000bc300000)
Event: 39.710 GC heap after
Heap after GC invocations=13 (full 1):
 PSYoungGen      total 205824K, used 36320K [0x00000000eaa80000, 0x00000000fe800000, 0x0000000100000000)
  eden space 169472K, 0% used [0x00000000eaa80000,0x00000000eaa80000,0x00000000f5000000)
  from space 36352K, 99% used [0x00000000f8000000,0x00000000fa378070,0x00000000fa380000)
  to   space 49152K, 0% used [0x00000000f5000000,0x00000000f5000000,0x00000000f8000000)
 ParOldGen       total 70144K, used 68484K [0x00000000c0000000, 0x00000000c4480000, 0x00000000eaa80000)
  object space 70144K, 97% used [0x00000000c0000000,0x00000000c42e1088,0x00000000c4480000)
 PSPermGen       total 21504K, used 6121K [0x00000000bae00000, 0x00000000bc300000, 0x00000000c0000000)
  object space 21504K, 28% used [0x00000000bae00000,0x00000000bb3fa508,0x00000000bc300000)
}
Event: 39.710 GC heap before
{Heap before GC invocations=14 (full 2):
 PSYoungGen      total 205824K, used 36320K [0x00000000eaa80000, 0x00000000fe800000, 0x0000000100000000)
  eden space 169472K, 0% used [0x00000000eaa80000,0x00000000eaa80000,0x00000000f5000000)
  from space 36352K, 99% used [0x00000000f8000000,0x00000000fa378070,0x00000000fa380000)
  to   space 49152K, 0% used [0x00000000f5000000,0x00000000f5000000,0x00000000f8000000)
 ParOldGen       total 70144K, used 68484K [0x00000000c0000000, 0x00000000c4480000, 0x00000000eaa80000)
  object space 70144K, 97% used [0x00000000c0000000,0x00000000c42e1088,0x00000000c4480000)
 PSPermGen       total 21504K, used 6121K [0x00000000bae00000, 0x00000000bc300000, 0x00000000c0000000)
  object space 21504K, 28% used [0x00000000bae00000,0x00000000bb3fa508,0x00000000bc300000)
Event: 43.550 GC heap after
Heap after GC invocations=14 (full 2):
 PSYoungGen      total 205824K, used 32469K [0x00000000eaa80000, 0x00000000fe800000, 0x0000000100000000)
  eden space 169472K, 0% used [0x00000000eaa80000,0x00000000eaa80000,0x00000000f5000000)
  from space 36352K, 89% used [0x00000000f8000000,0x00000000f9fb5628,0x00000000fa380000)
  to   space 49152K, 0% used [0x00000000f5000000,0x00000000f5000000,0x00000000f8000000)
 ParOldGen       total 124416K, used 69830K [0x00000000c0000000, 0x00000000c7980000, 0x00000000eaa80000)
  object space 124416K, 56% used [0x00000000c0000000,0x00000000c44319d8,0x00000000c7980000)
 PSPermGen       total 21504K, used 6120K [0x00000000bae00000, 0x00000000bc300000, 0x00000000c0000000)
  object space 21504K, 28% used [0x00000000bae00000,0x00000000bb3fa1c8,0x00000000bc300000)
}

