# JRE version: Java(TM) SE Runtime Environment (7.0_45-b18) (build 1.7.0_45-b18)
# Java VM: Java HotSpot(TM) 64-Bit Server VM (24.45-b08 mixed mode windows-amd64 compressed oops)
Heap
 PSYoungGen      total 259584K, used 46077K [0x00000000eaa80000, 0x00000000ffb80000, 0x0000000100000000)
  eden space 212480K, 7% used [0x00000000eaa80000,0x00000000eb992788,0x00000000f7a00000)
  from space 47104K, 65% used [0x00000000fb380000,0x00000000fd16ce10,0x00000000fe180000)
  to   space 58880K, 0% used [0x00000000f7a00000,0x00000000f7a00000,0x00000000fb380000)
 ParOldGen       total 202752K, used 126219K [0x00000000c0000000, 0x00000000cc600000, 0x00000000eaa80000)
  object space 202752K, 62% used [0x00000000c0000000,0x00000000c7b42d50,0x00000000cc600000)
 PSPermGen       total 21504K, used 6162K [0x00000000bae00000, 0x00000000bc300000, 0x00000000c0000000)
  object space 21504K, 28% used [0x00000000bae00000,0x00000000bb4049a8,0x00000000bc300000)
GC Heap History (10 events):
Event: 26.801 GC heap before
{Heap before GC invocations=13 (full 1):
 PSYoungGen      total 197632K, used 197607K [0x00000000eaa80000, 0x00000000fab80000, 0x0000000100000000)
  eden space 167936K, 100% used [0x00000000eaa80000,0x00000000f4e80000,0x00000000f4e80000)
  from space 29696K, 99% used [0x00000000f4e80000,0x00000000f6b79da0,0x00000000f6b80000)
  to   space 39424K, 0% used [0x00000000f8500000,0x00000000f8500000,0x00000000fab80000)
 ParOldGen       total 72192K, used 53500K [0x00000000c0000000, 0x00000000c4680000, 0x00000000eaa80000)
  object space 72192K, 74% used [0x00000000c0000000,0x00000000c343f2c8,0x00000000c4680000)
 PSPermGen       total 21504K, used 6127K [0x00000000bae00000, 0x00000000bc300000, 0x00000000c0000000)
  object space 21504K, 28% used [0x00000000bae00000,0x00000000bb3fbd08,0x00000000bc300000)
Event: 27.163 GC heap after
Heap after GC invocations=13 (full 1):
 PSYoungGen      total 218112K, used 35012K [0x00000000eaa80000, 0x00000000fe400000, 0x0000000100000000)
  eden space 178688K, 0% used [0x00000000eaa80000,0x00000000eaa80000,0x00000000f5900000)
  from space 39424K, 88% used [0x00000000f8500000,0x00000000fa7311c0,0x00000000fab80000)
  to   space 45056K, 0% used [0x00000000f5900000,0x00000000f5900000,0x00000000f8500000)
 ParOldGen       total 72192K, used 69061K [0x00000000c0000000, 0x00000000c4680000, 0x00000000eaa80000)
  object space 72192K, 95% used [0x00000000c0000000,0x00000000c43716d0,0x00000000c4680000)
 PSPermGen       total 21504K, used 6127K [0x00000000bae00000, 0x00000000bc300000, 0x00000000c0000000)
  object space 21504K, 28% used [0x00000000bae00000,0x00000000bb3fbd08,0x00000000bc300000)
}
Event: 27.163 GC heap before
{Heap before GC invocations=14 (full 2):
 PSYoungGen      total 218112K, used 35012K [0x00000000eaa80000, 0x00000000fe400000, 0x0000000100000000)
  eden space 178688K, 0% used [0x00000000eaa80000,0x00000000eaa80000,0x00000000f5900000)
  from space 39424K, 88% used [0x00000000f8500000,0x00000000fa7311c0,0x00000000fab80000)
  to   space 45056K, 0% used [0x00000000f5900000,0x00000000f5900000,0x00000000f8500000)
 ParOldGen       total 72192K, used 69061K [0x00000000c0000000, 0x00000000c4680000, 0x00000000eaa80000)
  object space 72192K, 95% used [0x00000000c0000000,0x00000000c43716d0,0x00000000c4680000)
 PSPermGen       total 21504K, used 6127K [0x00000000bae00000, 0x00000000bc300000, 0x00000000c0000000)
  object space 21504K, 28% used [0x00000000bae00000,0x00000000bb3fbd08,0x00000000bc300000)
Event: 28.860 GC heap after
Heap after GC invocations=14 (full 2):
 PSYoungGen      total 218112K, used 29690K [0x00000000eaa80000, 0x00000000fe400000, 0x0000000100000000)
  eden space 178688K, 0% used [0x00000000eaa80000,0x00000000eaa80000,0x00000000f5900000)
  from space 39424K, 75% used [0x00000000f8500000,0x00000000fa1feb28,0x00000000fab80000)
  to   space 45056K, 0% used [0x00000000f5900000,0x00000000f5900000,0x00000000f8500000)
 ParOldGen       total 126464K, used 71397K [0x00000000c0000000, 0x00000000c7b80000, 0x00000000eaa80000)
  object space 126464K, 56% used [0x00000000c0000000,0x00000000c45b9738,0x00000000c7b80000)
 PSPermGen       total 21504K, used 6126K [0x00000000bae00000, 0x00000000bc300000, 0x00000000c0000000)
  object space 21504K, 28% used [0x00000000bae00000,0x00000000bb3fba28,0x00000000bc300000)
}
Event: 30.280 GC heap before
{Heap before GC invocations=15 (full 2):
 PSYoungGen      total 218112K, used 208378K [0x00000000eaa80000, 0x00000000fe400000, 0x0000000100000000)
  eden space 178688K, 100% used [0x00000000eaa80000,0x00000000f5900000,0x00000000f5900000)
  from space 39424K, 75% used [0x00000000f8500000,0x00000000fa1feb28,0x00000000fab80000)
  to   space 45056K, 0% used [0x00000000f5900000,0x00000000f5900000,0x00000000f8500000)
 ParOldGen       total 126464K, used 71397K [0x00000000c0000000, 0x00000000c7b80000, 0x00000000eaa80000)
  object space 126464K, 56% used [0x00000000c0000000,0x00000000c45b9738,0x00000000c7b80000)
 PSPermGen       total 21504K, used 6148K [0x00000000bae00000, 0x00000000bc300000, 0x00000000c0000000)
  object space 21504K, 28% used [0x00000000bae00000,0x00000000bb401158,0x00000000bc300000)
Event: 30.683 GC heap after
Heap after GC invocations=15 (full 2):
 PSYoungGen      total 223744K, used 29952K [0x00000000eaa80000, 0x00000000fe180000, 0x0000000100000000)
  eden space 178688K, 0% used [0x00000000eaa80000,0x00000000eaa80000,0x00000000f5900000)
  from space 45056K, 66% used [0x00000000f5900000,0x00000000f7640010,0x00000000f8500000)
  to   space 47104K, 0% used [0x00000000fb380000,0x00000000fb380000,0x00000000fe180000)
 ParOldGen       total 126464K, used 100501K [0x00000000c0000000, 0x00000000c7b80000, 0x00000000eaa80000)
  object space 126464K, 79% used [0x00000000c0000000,0x00000000c6225540,0x00000000c7b80000)
 PSPermGen       total 21504K, used 6148K [0x00000000bae00000, 0x00000000bc300000, 0x00000000c0000000)
  object space 21504K, 28% used [0x00000000bae00000,0x00000000bb401158,0x00000000bc300000)
}
Event: 32.962 GC heap before
{Heap before GC invocations=16 (full 2):
 PSYoungGen      total 223744K, used 208640K [0x00000000eaa80000, 0x00000000fe180000, 0x0000000100000000)
  eden space 178688K, 100% used [0x00000000eaa80000,0x00000000f5900000,0x00000000f5900000)
  from space 45056K, 66% used [0x00000000f5900000,0x00000000f7640010,0x00000000f8500000)
  to   space 47104K, 0% used [0x00000000fb380000,0x00000000fb380000,0x00000000fe180000)
 ParOldGen       total 126464K, used 100501K [0x00000000c0000000, 0x00000000c7b80000, 0x00000000eaa80000)
  object space 126464K, 79% used [0x00000000c0000000,0x00000000c6225540,0x00000000c7b80000)
 PSPermGen       total 21504K, used 6159K [0x00000000bae00000, 0x00000000bc300000, 0x00000000c0000000)
  object space 21504K, 28% used [0x00000000bae00000,0x00000000bb403e68,0x00000000bc300000)
Event: 33.375 GC heap after
Heap after GC invocations=16 (full 2):
 PSYoungGen      total 259584K, used 47100K [0x00000000eaa80000, 0x00000000ffb80000, 0x0000000100000000)
  eden space 212480K, 0% used [0x00000000eaa80000,0x00000000eaa80000,0x00000000f7a00000)
  from space 47104K, 99% used [0x00000000fb380000,0x00000000fe17f140,0x00000000fe180000)
  to   space 58880K, 0% used [0x00000000f7a00000,0x00000000f7a00000,0x00000000fb380000)
 ParOldGen       total 126464K, used 111042K [0x00000000c0000000, 0x00000000c7b80000, 0x00000000eaa80000)
  object space 126464K, 87% used [0x00000000c0000000,0x00000000c6c70840,0x00000000c7b80000)
 PSPermGen       total 21504K, used 6159K [0x00000000bae00000, 0x00000000bc300000, 0x00000000c0000000)
  object space 21504K, 28% used [0x00000000bae00000,0x00000000bb403e68,0x00000000bc300000)
}
Event: 33.375 GC heap before
{Heap before GC invocations=17 (full 3):
 PSYoungGen      total 259584K, used 47100K [0x00000000eaa80000, 0x00000000ffb80000, 0x0000000100000000)
  eden space 212480K, 0% used [0x00000000eaa80000,0x00000000eaa80000,0x00000000f7a00000)
  from space 47104K, 99% used [0x00000000fb380000,0x00000000fe17f140,0x00000000fe180000)
  to   space 58880K, 0% used [0x00000000f7a00000,0x00000000f7a00000,0x00000000fb380000)
 ParOldGen       total 126464K, used 111042K [0x00000000c0000000, 0x00000000c7b80000, 0x00000000eaa80000)
  object space 126464K, 87% used [0x00000000c0000000,0x00000000c6c70840,0x00000000c7b80000)
 PSPermGen       total 21504K, used 6159K [0x00000000bae00000, 0x00000000bc300000, 0x00000000c0000000)
  object space 21504K, 28% used [0x00000000bae00000,0x00000000bb403e68,0x00000000bc300000)
Event: 35.773 GC heap after
Heap after GC invocations=17 (full 3):
 PSYoungGen      total 259584K, used 30643K [0x00000000eaa80000, 0x00000000ffb80000, 0x0000000100000000)
  eden space 212480K, 0% used [0x00000000eaa80000,0x00000000eaa80000,0x00000000f7a00000)
  from space 47104K, 65% used [0x00000000fb380000,0x00000000fd16ce10,0x00000000fe180000)
  to   space 58880K, 0% used [0x00000000f7a00000,0x00000000f7a00000,0x00000000fb380000)
 ParOldGen       total 202752K, used 126219K [0x00000000c0000000, 0x00000000cc600000, 0x00000000eaa80000)
  object space 202752K, 62% used [0x00000000c0000000,0x00000000c7b42d50,0x00000000cc600000)
 PSPermGen       total 21504K, used 6159K [0x00000000bae00000, 0x00000000bc300000, 0x00000000c0000000)
  object space 21504K, 28% used [0x00000000bae00000,0x00000000bb403cc8,0x00000000bc300000)
}

