# JRE version: Java(TM) SE Runtime Environment (7.0_45-b18) (build 1.7.0_45-b18)
# Java VM: Java HotSpot(TM) 64-Bit Server VM (24.45-b08 mixed mode windows-amd64 compressed oops)
Heap
 PSYoungGen      total 216576K, used 121708K [0x00000000eaa80000, 0x00000000fde80000, 0x0000000100000000)
  eden space 176640K, 68% used [0x00000000eaa80000,0x00000000f215b2c8,0x00000000f5700000)
  from space 39936K, 0% used [0x00000000f8280000,0x00000000f8280000,0x00000000fa980000)
  to   space 44544K, 0% used [0x00000000f5700000,0x00000000f5700000,0x00000000f8280000)
 ParOldGen       total 71168K, used 71044K [0x00000000c0000000, 0x00000000c4580000, 0x00000000eaa80000)
  object space 71168K, 99% used [0x00000000c0000000,0x00000000c45611b0,0x00000000c4580000)
 PSPermGen       total 21504K, used 6153K [0x00000000bae00000, 0x00000000bc300000, 0x00000000c0000000)
  object space 21504K, 28% used [0x00000000bae00000,0x00000000bb4024c0,0x00000000bc300000)
GC Heap History (10 events):
Event: 23.286 GC heap before
{Heap before GC invocations=11 (full 1):
 PSYoungGen      total 130048K, used 119720K [0x00000000eaa80000, 0x00000000f8d80000, 0x0000000100000000)
  eden space 111104K, 100% used [0x00000000eaa80000,0x00000000f1700000,0x00000000f1700000)
  from space 18944K, 45% used [0x00000000f1700000,0x00000000f1f6a390,0x00000000f2980000)
  to   space 27136K, 0% used [0x00000000f7300000,0x00000000f7300000,0x00000000f8d80000)
 ParOldGen       total 71168K, used 36926K [0x00000000c0000000, 0x00000000c4580000, 0x00000000eaa80000)
  object space 71168K, 51% used [0x00000000c0000000,0x00000000c240fb40,0x00000000c4580000)
 PSPermGen       total 21504K, used 6083K [0x00000000bae00000, 0x00000000bc300000, 0x00000000c0000000)
  object space 21504K, 28% used [0x00000000bae00000,0x00000000bb3f0d98,0x00000000bc300000)
Event: 23.436 GC heap after
Heap after GC invocations=11 (full 1):
 PSYoungGen      total 162816K, used 22667K [0x00000000eaa80000, 0x00000000f8980000, 0x0000000100000000)
  eden space 139776K, 0% used [0x00000000eaa80000,0x00000000eaa80000,0x00000000f3300000)
  from space 23040K, 98% used [0x00000000f7300000,0x00000000f8922c50,0x00000000f8980000)
  to   space 30208K, 0% used [0x00000000f4e80000,0x00000000f4e80000,0x00000000f6c00000)
 ParOldGen       total 71168K, used 40540K [0x00000000c0000000, 0x00000000c4580000, 0x00000000eaa80000)
  object space 71168K, 56% used [0x00000000c0000000,0x00000000c27972a0,0x00000000c4580000)
 PSPermGen       total 21504K, used 6083K [0x00000000bae00000, 0x00000000bc300000, 0x00000000c0000000)
  object space 21504K, 28% used [0x00000000bae00000,0x00000000bb3f0d98,0x00000000bc300000)
}
Event: 25.679 GC heap before
{Heap before GC invocations=12 (full 1):
 PSYoungGen      total 162816K, used 162443K [0x00000000eaa80000, 0x00000000f8980000, 0x0000000100000000)
  eden space 139776K, 100% used [0x00000000eaa80000,0x00000000f3300000,0x00000000f3300000)
  from space 23040K, 98% used [0x00000000f7300000,0x00000000f8922c50,0x00000000f8980000)
  to   space 30208K, 0% used [0x00000000f4e80000,0x00000000f4e80000,0x00000000f6c00000)
 ParOldGen       total 71168K, used 40540K [0x00000000c0000000, 0x00000000c4580000, 0x00000000eaa80000)
  object space 71168K, 56% used [0x00000000c0000000,0x00000000c27972a0,0x00000000c4580000)
 PSPermGen       total 21504K, used 6105K [0x00000000bae00000, 0x00000000bc300000, 0x00000000c0000000)
  object space 21504K, 28% used [0x00000000bae00000,0x00000000bb3f6558,0x00000000bc300000)
Event: 25.931 GC heap after
Heap after GC invocations=12 (full 1):
 PSYoungGen      total 198144K, used 30207K [0x00000000eaa80000, 0x00000000fa980000, 0x0000000100000000)
  eden space 167936K, 0% used [0x00000000eaa80000,0x00000000eaa80000,0x00000000f4e80000)
  from space 30208K, 99% used [0x00000000f4e80000,0x00000000f6bffe18,0x00000000f6c00000)
  to   space 39936K, 0% used [0x00000000f8280000,0x00000000f8280000,0x00000000fa980000)
 ParOldGen       total 71168K, used 52426K [0x00000000c0000000, 0x00000000c4580000, 0x00000000eaa80000)
  object space 71168K, 73% used [0x00000000c0000000,0x00000000c3332a40,0x00000000c4580000)
 PSPermGen       total 21504K, used 6105K [0x00000000bae00000, 0x00000000bc300000, 0x00000000c0000000)
  object space 21504K, 28% used [0x00000000bae00000,0x00000000bb3f6558,0x00000000bc300000)
}
Event: 27.013 GC heap before
{Heap before GC invocations=13 (full 1):
 PSYoungGen      total 198144K, used 198143K [0x00000000eaa80000, 0x00000000fa980000, 0x0000000100000000)
  eden space 167936K, 100% used [0x00000000eaa80000,0x00000000f4e80000,0x00000000f4e80000)
  from space 30208K, 99% used [0x00000000f4e80000,0x00000000f6bffe18,0x00000000f6c00000)
  to   space 39936K, 0% used [0x00000000f8280000,0x00000000f8280000,0x00000000fa980000)
 ParOldGen       total 71168K, used 52426K [0x00000000c0000000, 0x00000000c4580000, 0x00000000eaa80000)
  object space 71168K, 73% used [0x00000000c0000000,0x00000000c3332a40,0x00000000c4580000)
 PSPermGen       total 21504K, used 6127K [0x00000000bae00000, 0x00000000bc300000, 0x00000000c0000000)
  object space 21504K, 28% used [0x00000000bae00000,0x00000000bb3fbfe0,0x00000000bc300000)
Event: 27.220 GC heap after
Heap after GC invocations=13 (full 1):
 PSYoungGen      total 216576K, used 33497K [0x00000000eaa80000, 0x00000000fde80000, 0x0000000100000000)
  eden space 176640K, 0% used [0x00000000eaa80000,0x00000000eaa80000,0x00000000f5700000)
  from space 39936K, 83% used [0x00000000f8280000,0x00000000fa336680,0x00000000fa980000)
  to   space 44544K, 0% used [0x00000000f5700000,0x00000000f5700000,0x00000000f8280000)
 ParOldGen       total 71168K, used 69619K [0x00000000c0000000, 0x00000000c4580000, 0x00000000eaa80000)
  object space 71168K, 97% used [0x00000000c0000000,0x00000000c43fcd30,0x00000000c4580000)
 PSPermGen       total 21504K, used 6127K [0x00000000bae00000, 0x00000000bc300000, 0x00000000c0000000)
  object space 21504K, 28% used [0x00000000bae00000,0x00000000bb3fbfe0,0x00000000bc300000)
}
Event: 27.221 GC heap before
{Heap before GC invocations=14 (full 2):
 PSYoungGen      total 216576K, used 33497K [0x00000000eaa80000, 0x00000000fde80000, 0x0000000100000000)
  eden space 176640K, 0% used [0x00000000eaa80000,0x00000000eaa80000,0x00000000f5700000)
  from space 39936K, 83% used [0x00000000f8280000,0x00000000fa336680,0x00000000fa980000)
  to   space 44544K, 0% used [0x00000000f5700000,0x00000000f5700000,0x00000000f8280000)
 ParOldGen       total 71168K, used 69619K [0x00000000c0000000, 0x00000000c4580000, 0x00000000eaa80000)
  object space 71168K, 97% used [0x00000000c0000000,0x00000000c43fcd30,0x00000000c4580000)
 PSPermGen       total 21504K, used 6127K [0x00000000bae00000, 0x00000000bc300000, 0x00000000c0000000)
  object space 21504K, 28% used [0x00000000bae00000,0x00000000bb3fbfe0,0x00000000bc300000)
Event: 28.981 GC heap after
Heap after GC invocations=14 (full 2):
 PSYoungGen      total 216576K, used 28701K [0x00000000eaa80000, 0x00000000fde80000, 0x0000000100000000)
  eden space 176640K, 0% used [0x00000000eaa80000,0x00000000eaa80000,0x00000000f5700000)
  from space 39936K, 71% used [0x00000000f8280000,0x00000000f9e875b8,0x00000000fa980000)
  to   space 44544K, 0% used [0x00000000f5700000,0x00000000f5700000,0x00000000f8280000)
 ParOldGen       total 71168K, used 70733K [0x00000000c0000000, 0x00000000c4580000, 0x00000000eaa80000)
  object space 71168K, 99% used [0x00000000c0000000,0x00000000c4513470,0x00000000c4580000)
 PSPermGen       total 21504K, used 6127K [0x00000000bae00000, 0x00000000bc300000, 0x00000000c0000000)
  object space 21504K, 28% used [0x00000000bae00000,0x00000000bb3fbc60,0x00000000bc300000)
}
Event: 30.921 GC heap before
{Heap before GC invocations=15 (full 3):
 PSYoungGen      total 216576K, used 205341K [0x00000000eaa80000, 0x00000000fde80000, 0x0000000100000000)
  eden space 176640K, 100% used [0x00000000eaa80000,0x00000000f5700000,0x00000000f5700000)
  from space 39936K, 71% used [0x00000000f8280000,0x00000000f9e875b8,0x00000000fa980000)
  to   space 44544K, 0% used [0x00000000f5700000,0x00000000f5700000,0x00000000f8280000)
 ParOldGen       total 71168K, used 70733K [0x00000000c0000000, 0x00000000c4580000, 0x00000000eaa80000)
  object space 71168K, 99% used [0x00000000c0000000,0x00000000c4513470,0x00000000c4580000)
 PSPermGen       total 21504K, used 6148K [0x00000000bae00000, 0x00000000bc300000, 0x00000000c0000000)
  object space 21504K, 28% used [0x00000000bae00000,0x00000000bb401118,0x00000000bc300000)
Event: 32.368 GC heap after
Heap after GC invocations=15 (full 3):
 PSYoungGen      total 216576K, used 56529K [0x00000000eaa80000, 0x00000000fde80000, 0x0000000100000000)
  eden space 176640K, 32% used [0x00000000eaa80000,0x00000000ee1b44f8,0x00000000f5700000)
  from space 39936K, 0% used [0x00000000f8280000,0x00000000f8280000,0x00000000fa980000)
  to   space 44544K, 0% used [0x00000000f5700000,0x00000000f5700000,0x00000000f8280000)
 ParOldGen       total 71168K, used 71044K [0x00000000c0000000, 0x00000000c4580000, 0x00000000eaa80000)
  object space 71168K, 99% used [0x00000000c0000000,0x00000000c45611b0,0x00000000c4580000)
 PSPermGen       total 21504K, used 6147K [0x00000000bae00000, 0x00000000bc300000, 0x00000000c0000000)
  object space 21504K, 28% used [0x00000000bae00000,0x00000000bb400f98,0x00000000bc300000)
}

