# JRE version: Java(TM) SE Runtime Environment (7.0_45-b18) (build 1.7.0_45-b18)
# Java VM: Java HotSpot(TM) 64-Bit Server VM (24.45-b08 mixed mode windows-amd64 compressed oops)
Heap
 PSYoungGen      total 195072K, used 167703K [0x00000000eaa80000, 0x00000000fc480000, 0x0000000100000000)
  eden space 156160K, 92% used [0x00000000eaa80000,0x00000000f36fa250,0x00000000f4300000)
  from space 38912K, 61% used [0x00000000f6d80000,0x00000000f84cbb78,0x00000000f9380000)
  to   space 43520K, 0% used [0x00000000f4300000,0x00000000f4300000,0x00000000f6d80000)
 ParOldGen       total 130560K, used 73165K [0x00000000c0000000, 0x00000000c7f80000, 0x00000000eaa80000)
  object space 130560K, 56% used [0x00000000c0000000,0x00000000c47734c0,0x00000000c7f80000)
 PSPermGen       total 21504K, used 6134K [0x00000000bae00000, 0x00000000bc300000, 0x00000000c0000000)
  object space 21504K, 28% used [0x00000000bae00000,0x00000000bb3fd8f8,0x00000000bc300000)
GC Heap History (10 events):
Event: 38.024 GC heap before
{Heap before GC invocations=10 (full 1):
 PSYoungGen      total 128512K, used 18939K [0x00000000eaa80000, 0x00000000f8a00000, 0x0000000100000000)
  eden space 109568K, 0% used [0x00000000eaa80000,0x00000000eaa80000,0x00000000f1580000)
  from space 18944K, 99% used [0x00000000f1580000,0x00000000f27fed30,0x00000000f2800000)
  to   space 26624K, 0% used [0x00000000f7000000,0x00000000f7000000,0x00000000f8a00000)
 ParOldGen       total 37376K, used 30002K [0x00000000c0000000, 0x00000000c2480000, 0x00000000eaa80000)
  object space 37376K, 80% used [0x00000000c0000000,0x00000000c1d4ca90,0x00000000c2480000)
 PSPermGen       total 21504K, used 6038K [0x00000000bae00000, 0x00000000bc300000, 0x00000000c0000000)
  object space 21504K, 28% used [0x00000000bae00000,0x00000000bb3e5990,0x00000000bc300000)
Event: 44.039 GC heap after
Heap after GC invocations=10 (full 1):
 PSYoungGen      total 128512K, used 8162K [0x00000000eaa80000, 0x00000000f8a00000, 0x0000000100000000)
  eden space 109568K, 0% used [0x00000000eaa80000,0x00000000eaa80000,0x00000000f1580000)
  from space 18944K, 43% used [0x00000000f1580000,0x00000000f1d78aa8,0x00000000f2800000)
  to   space 26624K, 0% used [0x00000000f7000000,0x00000000f7000000,0x00000000f8a00000)
 ParOldGen       total 73216K, used 37285K [0x00000000c0000000, 0x00000000c4780000, 0x00000000eaa80000)
  object space 73216K, 50% used [0x00000000c0000000,0x00000000c2469478,0x00000000c4780000)
 PSPermGen       total 21504K, used 6033K [0x00000000bae00000, 0x00000000bc300000, 0x00000000c0000000)
  object space 21504K, 28% used [0x00000000bae00000,0x00000000bb3e44f0,0x00000000bc300000)
}
Event: 47.484 GC heap before
{Heap before GC invocations=11 (full 1):
 PSYoungGen      total 128512K, used 117730K [0x00000000eaa80000, 0x00000000f8a00000, 0x0000000100000000)
  eden space 109568K, 100% used [0x00000000eaa80000,0x00000000f1580000,0x00000000f1580000)
  from space 18944K, 43% used [0x00000000f1580000,0x00000000f1d78aa8,0x00000000f2800000)
  to   space 26624K, 0% used [0x00000000f7000000,0x00000000f7000000,0x00000000f8a00000)
 ParOldGen       total 73216K, used 37285K [0x00000000c0000000, 0x00000000c4780000, 0x00000000eaa80000)
  object space 73216K, 50% used [0x00000000c0000000,0x00000000c2469478,0x00000000c4780000)
 PSPermGen       total 21504K, used 6075K [0x00000000bae00000, 0x00000000bc300000, 0x00000000c0000000)
  object space 21504K, 28% used [0x00000000bae00000,0x00000000bb3eecf0,0x00000000bc300000)
Event: 48.084 GC heap after
Heap after GC invocations=11 (full 1):
 PSYoungGen      total 153600K, used 21516K [0x00000000eaa80000, 0x00000000f8580000, 0x0000000100000000)
  eden space 131584K, 0% used [0x00000000eaa80000,0x00000000eaa80000,0x00000000f2b00000)
  from space 22016K, 97% used [0x00000000f7000000,0x00000000f8503018,0x00000000f8580000)
  to   space 29696K, 0% used [0x00000000f4b80000,0x00000000f4b80000,0x00000000f6880000)
 ParOldGen       total 73216K, used 40224K [0x00000000c0000000, 0x00000000c4780000, 0x00000000eaa80000)
  object space 73216K, 54% used [0x00000000c0000000,0x00000000c2748178,0x00000000c4780000)
 PSPermGen       total 21504K, used 6075K [0x00000000bae00000, 0x00000000bc300000, 0x00000000c0000000)
  object space 21504K, 28% used [0x00000000bae00000,0x00000000bb3eecf0,0x00000000bc300000)
}
Event: 51.352 GC heap before
{Heap before GC invocations=12 (full 1):
 PSYoungGen      total 153600K, used 153100K [0x00000000eaa80000, 0x00000000f8580000, 0x0000000100000000)
  eden space 131584K, 100% used [0x00000000eaa80000,0x00000000f2b00000,0x00000000f2b00000)
  from space 22016K, 97% used [0x00000000f7000000,0x00000000f8503018,0x00000000f8580000)
  to   space 29696K, 0% used [0x00000000f4b80000,0x00000000f4b80000,0x00000000f6880000)
 ParOldGen       total 73216K, used 40224K [0x00000000c0000000, 0x00000000c4780000, 0x00000000eaa80000)
  object space 73216K, 54% used [0x00000000c0000000,0x00000000c2748178,0x00000000c4780000)
 PSPermGen       total 21504K, used 6099K [0x00000000bae00000, 0x00000000bc300000, 0x00000000c0000000)
  object space 21504K, 28% used [0x00000000bae00000,0x00000000bb3f4d40,0x00000000bc300000)
Event: 51.764 GC heap after
Heap after GC invocations=12 (full 1):
 PSYoungGen      total 190464K, used 29678K [0x00000000eaa80000, 0x00000000f9380000, 0x0000000100000000)
  eden space 160768K, 0% used [0x00000000eaa80000,0x00000000eaa80000,0x00000000f4780000)
  from space 29696K, 99% used [0x00000000f4b80000,0x00000000f687ba30,0x00000000f6880000)
  to   space 38912K, 0% used [0x00000000f6d80000,0x00000000f6d80000,0x00000000f9380000)
 ParOldGen       total 73216K, used 51254K [0x00000000c0000000, 0x00000000c4780000, 0x00000000eaa80000)
  object space 73216K, 70% used [0x00000000c0000000,0x00000000c320dbd0,0x00000000c4780000)
 PSPermGen       total 21504K, used 6099K [0x00000000bae00000, 0x00000000bc300000, 0x00000000c0000000)
  object space 21504K, 28% used [0x00000000bae00000,0x00000000bb3f4d40,0x00000000bc300000)
}
Event: 54.884 GC heap before
{Heap before GC invocations=13 (full 1):
 PSYoungGen      total 190464K, used 190446K [0x00000000eaa80000, 0x00000000f9380000, 0x0000000100000000)
  eden space 160768K, 100% used [0x00000000eaa80000,0x00000000f4780000,0x00000000f4780000)
  from space 29696K, 99% used [0x00000000f4b80000,0x00000000f687ba30,0x00000000f6880000)
  to   space 38912K, 0% used [0x00000000f6d80000,0x00000000f6d80000,0x00000000f9380000)
 ParOldGen       total 73216K, used 51254K [0x00000000c0000000, 0x00000000c4780000, 0x00000000eaa80000)
  object space 73216K, 70% used [0x00000000c0000000,0x00000000c320dbd0,0x00000000c4780000)
 PSPermGen       total 21504K, used 6119K [0x00000000bae00000, 0x00000000bc300000, 0x00000000c0000000)
  object space 21504K, 28% used [0x00000000bae00000,0x00000000bb3f9d68,0x00000000bc300000)
Event: 55.491 GC heap after
Heap after GC invocations=13 (full 1):
 PSYoungGen      total 195072K, used 32760K [0x00000000eaa80000, 0x00000000fc480000, 0x0000000100000000)
  eden space 156160K, 0% used [0x00000000eaa80000,0x00000000eaa80000,0x00000000f4300000)
  from space 38912K, 84% used [0x00000000f6d80000,0x00000000f8d7e0d0,0x00000000f9380000)
  to   space 43520K, 0% used [0x00000000f4300000,0x00000000f4300000,0x00000000f6d80000)
 ParOldGen       total 73216K, used 67463K [0x00000000c0000000, 0x00000000c4780000, 0x00000000eaa80000)
  object space 73216K, 92% used [0x00000000c0000000,0x00000000c41e1eb8,0x00000000c4780000)
 PSPermGen       total 21504K, used 6119K [0x00000000bae00000, 0x00000000bc300000, 0x00000000c0000000)
  object space 21504K, 28% used [0x00000000bae00000,0x00000000bb3f9d68,0x00000000bc300000)
}
Event: 55.491 GC heap before
{Heap before GC invocations=14 (full 2):
 PSYoungGen      total 195072K, used 32760K [0x00000000eaa80000, 0x00000000fc480000, 0x0000000100000000)
  eden space 156160K, 0% used [0x00000000eaa80000,0x00000000eaa80000,0x00000000f4300000)
  from space 38912K, 84% used [0x00000000f6d80000,0x00000000f8d7e0d0,0x00000000f9380000)
  to   space 43520K, 0% used [0x00000000f4300000,0x00000000f4300000,0x00000000f6d80000)
 ParOldGen       total 73216K, used 67463K [0x00000000c0000000, 0x00000000c4780000, 0x00000000eaa80000)
  object space 73216K, 92% used [0x00000000c0000000,0x00000000c41e1eb8,0x00000000c4780000)
 PSPermGen       total 21504K, used 6119K [0x00000000bae00000, 0x00000000bc300000, 0x00000000c0000000)
  object space 21504K, 28% used [0x00000000bae00000,0x00000000bb3f9d68,0x00000000bc300000)
Event: 58.744 GC heap after
Heap after GC invocations=14 (full 2):
 PSYoungGen      total 195072K, used 23854K [0x00000000eaa80000, 0x00000000fc480000, 0x0000000100000000)
  eden space 156160K, 0% used [0x00000000eaa80000,0x00000000eaa80000,0x00000000f4300000)
  from space 38912K, 61% used [0x00000000f6d80000,0x00000000f84cbb78,0x00000000f9380000)
  to   space 43520K, 0% used [0x00000000f4300000,0x00000000f4300000,0x00000000f6d80000)
 ParOldGen       total 130560K, used 73165K [0x00000000c0000000, 0x00000000c7f80000, 0x00000000eaa80000)
  object space 130560K, 56% used [0x00000000c0000000,0x00000000c47734c0,0x00000000c7f80000)
 PSPermGen       total 21504K, used 6118K [0x00000000bae00000, 0x00000000bc300000, 0x00000000c0000000)
  object space 21504K, 28% used [0x00000000bae00000,0x00000000bb3f9aa8,0x00000000bc300000)
}

