# JRE version: Java(TM) SE Runtime Environment (7.0_45-b18) (build 1.7.0_45-b18)
# Java VM: Java HotSpot(TM) 64-Bit Server VM (24.45-b08 mixed mode windows-amd64 compressed oops)
Heap
 PSYoungGen      total 215552K, used 150300K [0x00000000eaa80000, 0x00000000fde80000, 0x0000000100000000)
  eden space 175104K, 85% used [0x00000000eaa80000,0x00000000f3d473e8,0x00000000f5580000)
  from space 40448K, 0% used [0x00000000f8180000,0x00000000f8180000,0x00000000fa900000)
  to   space 45056K, 0% used [0x00000000f5580000,0x00000000f5580000,0x00000000f8180000)
 ParOldGen       total 72192K, used 72129K [0x00000000c0000000, 0x00000000c4680000, 0x00000000eaa80000)
  object space 72192K, 99% used [0x00000000c0000000,0x00000000c4670408,0x00000000c4680000)
 PSPermGen       total 21504K, used 6152K [0x00000000bae00000, 0x00000000bc300000, 0x00000000c0000000)
  object space 21504K, 28% used [0x00000000bae00000,0x00000000bb4021c0,0x00000000bc300000)
GC Heap History (10 events):
Event: 22.206 GC heap before
{Heap before GC invocations=11 (full 1):
 PSYoungGen      total 130048K, used 119752K [0x00000000eaa80000, 0x00000000f8d80000, 0x0000000100000000)
  eden space 111104K, 100% used [0x00000000eaa80000,0x00000000f1700000,0x00000000f1700000)
  from space 18944K, 45% used [0x00000000f1700000,0x00000000f1f72330,0x00000000f2980000)
  to   space 27136K, 0% used [0x00000000f7300000,0x00000000f7300000,0x00000000f8d80000)
 ParOldGen       total 72192K, used 37322K [0x00000000c0000000, 0x00000000c4680000, 0x00000000eaa80000)
  object space 72192K, 51% used [0x00000000c0000000,0x00000000c2472998,0x00000000c4680000)
 PSPermGen       total 21504K, used 6079K [0x00000000bae00000, 0x00000000bc300000, 0x00000000c0000000)
  object space 21504K, 28% used [0x00000000bae00000,0x00000000bb3efe80,0x00000000bc300000)
Event: 22.390 GC heap after
Heap after GC invocations=11 (full 1):
 PSYoungGen      total 162816K, used 23056K [0x00000000eaa80000, 0x00000000f8a00000, 0x0000000100000000)
  eden space 139264K, 0% used [0x00000000eaa80000,0x00000000eaa80000,0x00000000f3280000)
  from space 23552K, 97% used [0x00000000f7300000,0x00000000f89841e8,0x00000000f8a00000)
  to   space 30720K, 0% used [0x00000000f4e00000,0x00000000f4e00000,0x00000000f6c00000)
 ParOldGen       total 72192K, used 39119K [0x00000000c0000000, 0x00000000c4680000, 0x00000000eaa80000)
  object space 72192K, 54% used [0x00000000c0000000,0x00000000c2633db8,0x00000000c4680000)
 PSPermGen       total 21504K, used 6079K [0x00000000bae00000, 0x00000000bc300000, 0x00000000c0000000)
  object space 21504K, 28% used [0x00000000bae00000,0x00000000bb3efe80,0x00000000bc300000)
}
Event: 24.309 GC heap before
{Heap before GC invocations=12 (full 1):
 PSYoungGen      total 162816K, used 162320K [0x00000000eaa80000, 0x00000000f8a00000, 0x0000000100000000)
  eden space 139264K, 100% used [0x00000000eaa80000,0x00000000f3280000,0x00000000f3280000)
  from space 23552K, 97% used [0x00000000f7300000,0x00000000f89841e8,0x00000000f8a00000)
  to   space 30720K, 0% used [0x00000000f4e00000,0x00000000f4e00000,0x00000000f6c00000)
 ParOldGen       total 72192K, used 39119K [0x00000000c0000000, 0x00000000c4680000, 0x00000000eaa80000)
  object space 72192K, 54% used [0x00000000c0000000,0x00000000c2633db8,0x00000000c4680000)
 PSPermGen       total 21504K, used 6103K [0x00000000bae00000, 0x00000000bc300000, 0x00000000c0000000)
  object space 21504K, 28% used [0x00000000bae00000,0x00000000bb3f5c10,0x00000000bc300000)
Event: 24.551 GC heap after
Heap after GC invocations=12 (full 1):
 PSYoungGen      total 198144K, used 30718K [0x00000000eaa80000, 0x00000000fa900000, 0x0000000100000000)
  eden space 167424K, 0% used [0x00000000eaa80000,0x00000000eaa80000,0x00000000f4e00000)
  from space 30720K, 99% used [0x00000000f4e00000,0x00000000f6bff9f0,0x00000000f6c00000)
  to   space 40448K, 0% used [0x00000000f8180000,0x00000000f8180000,0x00000000fa900000)
 ParOldGen       total 72192K, used 51591K [0x00000000c0000000, 0x00000000c4680000, 0x00000000eaa80000)
  object space 72192K, 71% used [0x00000000c0000000,0x00000000c3261e30,0x00000000c4680000)
 PSPermGen       total 21504K, used 6103K [0x00000000bae00000, 0x00000000bc300000, 0x00000000c0000000)
  object space 21504K, 28% used [0x00000000bae00000,0x00000000bb3f5c10,0x00000000bc300000)
}
Event: 25.740 GC heap before
{Heap before GC invocations=13 (full 1):
 PSYoungGen      total 198144K, used 198142K [0x00000000eaa80000, 0x00000000fa900000, 0x0000000100000000)
  eden space 167424K, 100% used [0x00000000eaa80000,0x00000000f4e00000,0x00000000f4e00000)
  from space 30720K, 99% used [0x00000000f4e00000,0x00000000f6bff9f0,0x00000000f6c00000)
  to   space 40448K, 0% used [0x00000000f8180000,0x00000000f8180000,0x00000000fa900000)
 ParOldGen       total 72192K, used 51591K [0x00000000c0000000, 0x00000000c4680000, 0x00000000eaa80000)
  object space 72192K, 71% used [0x00000000c0000000,0x00000000c3261e30,0x00000000c4680000)
 PSPermGen       total 21504K, used 6124K [0x00000000bae00000, 0x00000000bc300000, 0x00000000c0000000)
  object space 21504K, 28% used [0x00000000bae00000,0x00000000bb3fb260,0x00000000bc300000)
Event: 26.015 GC heap after
Heap after GC invocations=13 (full 1):
 PSYoungGen      total 215552K, used 33391K [0x00000000eaa80000, 0x00000000fde80000, 0x0000000100000000)
  eden space 175104K, 0% used [0x00000000eaa80000,0x00000000eaa80000,0x00000000f5580000)
  from space 40448K, 82% used [0x00000000f8180000,0x00000000fa21bc98,0x00000000fa900000)
  to   space 45056K, 0% used [0x00000000f5580000,0x00000000f5580000,0x00000000f8180000)
 ParOldGen       total 72192K, used 69422K [0x00000000c0000000, 0x00000000c4680000, 0x00000000eaa80000)
  object space 72192K, 96% used [0x00000000c0000000,0x00000000c43cbb98,0x00000000c4680000)
 PSPermGen       total 21504K, used 6124K [0x00000000bae00000, 0x00000000bc300000, 0x00000000c0000000)
  object space 21504K, 28% used [0x00000000bae00000,0x00000000bb3fb260,0x00000000bc300000)
}
Event: 26.015 GC heap before
{Heap before GC invocations=14 (full 2):
 PSYoungGen      total 215552K, used 33391K [0x00000000eaa80000, 0x00000000fde80000, 0x0000000100000000)
  eden space 175104K, 0% used [0x00000000eaa80000,0x00000000eaa80000,0x00000000f5580000)
  from space 40448K, 82% used [0x00000000f8180000,0x00000000fa21bc98,0x00000000fa900000)
  to   space 45056K, 0% used [0x00000000f5580000,0x00000000f5580000,0x00000000f8180000)
 ParOldGen       total 72192K, used 69422K [0x00000000c0000000, 0x00000000c4680000, 0x00000000eaa80000)
  object space 72192K, 96% used [0x00000000c0000000,0x00000000c43cbb98,0x00000000c4680000)
 PSPermGen       total 21504K, used 6124K [0x00000000bae00000, 0x00000000bc300000, 0x00000000c0000000)
  object space 21504K, 28% used [0x00000000bae00000,0x00000000bb3fb260,0x00000000bc300000)
Event: 27.870 GC heap after
Heap after GC invocations=14 (full 2):
 PSYoungGen      total 215552K, used 27532K [0x00000000eaa80000, 0x00000000fde80000, 0x0000000100000000)
  eden space 175104K, 0% used [0x00000000eaa80000,0x00000000eaa80000,0x00000000f5580000)
  from space 40448K, 68% used [0x00000000f8180000,0x00000000f9c63300,0x00000000fa900000)
  to   space 45056K, 0% used [0x00000000f5580000,0x00000000f5580000,0x00000000f8180000)
 ParOldGen       total 72192K, used 72008K [0x00000000c0000000, 0x00000000c4680000, 0x00000000eaa80000)
  object space 72192K, 99% used [0x00000000c0000000,0x00000000c4652310,0x00000000c4680000)
 PSPermGen       total 21504K, used 6123K [0x00000000bae00000, 0x00000000bc300000, 0x00000000c0000000)
  object space 21504K, 28% used [0x00000000bae00000,0x00000000bb3fae60,0x00000000bc300000)
}
Event: 29.967 GC heap before
{Heap before GC invocations=15 (full 3):
 PSYoungGen      total 215552K, used 202636K [0x00000000eaa80000, 0x00000000fde80000, 0x0000000100000000)
  eden space 175104K, 100% used [0x00000000eaa80000,0x00000000f5580000,0x00000000f5580000)
  from space 40448K, 68% used [0x00000000f8180000,0x00000000f9c63300,0x00000000fa900000)
  to   space 45056K, 0% used [0x00000000f5580000,0x00000000f5580000,0x00000000f8180000)
 ParOldGen       total 72192K, used 72008K [0x00000000c0000000, 0x00000000c4680000, 0x00000000eaa80000)
  object space 72192K, 99% used [0x00000000c0000000,0x00000000c4652310,0x00000000c4680000)
 PSPermGen       total 21504K, used 6143K [0x00000000bae00000, 0x00000000bc300000, 0x00000000c0000000)
  object space 21504K, 28% used [0x00000000bae00000,0x00000000bb3ffe38,0x00000000bc300000)
Event: 31.329 GC heap after
Heap after GC invocations=15 (full 3):
 PSYoungGen      total 215552K, used 55227K [0x00000000eaa80000, 0x00000000fde80000, 0x0000000100000000)
  eden space 175104K, 31% used [0x00000000eaa80000,0x00000000ee06ec08,0x00000000f5580000)
  from space 40448K, 0% used [0x00000000f8180000,0x00000000f8180000,0x00000000fa900000)
  to   space 45056K, 0% used [0x00000000f5580000,0x00000000f5580000,0x00000000f8180000)
 ParOldGen       total 72192K, used 72129K [0x00000000c0000000, 0x00000000c4680000, 0x00000000eaa80000)
  object space 72192K, 99% used [0x00000000c0000000,0x00000000c4670408,0x00000000c4680000)
 PSPermGen       total 21504K, used 6143K [0x00000000bae00000, 0x00000000bc300000, 0x00000000c0000000)
  object space 21504K, 28% used [0x00000000bae00000,0x00000000bb3ffd38,0x00000000bc300000)
}

