# JRE version: Java(TM) SE Runtime Environment (7.0_45-b18) (build 1.7.0_45-b18)
# Java VM: Java HotSpot(TM) 64-Bit Server VM (24.45-b08 mixed mode windows-amd64 compressed oops)
Heap
 PSYoungGen      total 264704K, used 183808K [0x00000000eaa80000, 0x0000000100000000, 0x0000000100000000)
  eden space 183808K, 100% used [0x00000000eaa80000,0x00000000f5e00000,0x00000000f5e00000)
  from space 80896K, 0% used [0x00000000fb100000,0x00000000fb100000,0x0000000100000000)
  to   space 82944K, 0% used [0x00000000f5e00000,0x00000000f5e00000,0x00000000faf00000)
 ParOldGen       total 208384K, used 208131K [0x00000000c0000000, 0x00000000ccb80000, 0x00000000eaa80000)
  object space 208384K, 99% used [0x00000000c0000000,0x00000000ccb40e68,0x00000000ccb80000)
 PSPermGen       total 21504K, used 6208K [0x00000000bae00000, 0x00000000bc300000, 0x00000000c0000000)
  object space 21504K, 28% used [0x00000000bae00000,0x00000000bb410310,0x00000000bc300000)
GC Heap History (10 events):
Event: 56.726 GC heap after
Heap after GC invocations=22 (full 4):
 PSYoungGen      total 264704K, used 44299K [0x00000000eaa80000, 0x0000000100000000, 0x0000000100000000)
  eden space 183808K, 0% used [0x00000000eaa80000,0x00000000eaa80000,0x00000000f5e00000)
  from space 80896K, 54% used [0x00000000fb100000,0x00000000fdc42c20,0x0000000100000000)
  to   space 82944K, 0% used [0x00000000f5e00000,0x00000000f5e00000,0x00000000faf00000)
 ParOldGen       total 208384K, used 208269K [0x00000000c0000000, 0x00000000ccb80000, 0x00000000eaa80000)
  object space 208384K, 99% used [0x00000000c0000000,0x00000000ccb637f8,0x00000000ccb80000)
 PSPermGen       total 21504K, used 6190K [0x00000000bae00000, 0x00000000bc300000, 0x00000000c0000000)
  object space 21504K, 28% used [0x00000000bae00000,0x00000000bb40b990,0x00000000bc300000)
}
Event: 57.721 GC heap before
{Heap before GC invocations=23 (full 5):
 PSYoungGen      total 264704K, used 228107K [0x00000000eaa80000, 0x0000000100000000, 0x0000000100000000)
  eden space 183808K, 100% used [0x00000000eaa80000,0x00000000f5e00000,0x00000000f5e00000)
  from space 80896K, 54% used [0x00000000fb100000,0x00000000fdc42c20,0x0000000100000000)
  to   space 82944K, 0% used [0x00000000f5e00000,0x00000000f5e00000,0x00000000faf00000)
 ParOldGen       total 208384K, used 208269K [0x00000000c0000000, 0x00000000ccb80000, 0x00000000eaa80000)
  object space 208384K, 99% used [0x00000000c0000000,0x00000000ccb637f8,0x00000000ccb80000)
 PSPermGen       total 21504K, used 6194K [0x00000000bae00000, 0x00000000bc300000, 0x00000000c0000000)
  object space 21504K, 28% used [0x00000000bae00000,0x00000000bb40cb00,0x00000000bc300000)
Event: 59.700 GC heap after
Heap after GC invocations=23 (full 5):
 PSYoungGen      total 264704K, used 71256K [0x00000000eaa80000, 0x0000000100000000, 0x0000000100000000)
  eden space 183808K, 38% used [0x00000000eaa80000,0x00000000ef016310,0x00000000f5e00000)
  from space 80896K, 0% used [0x00000000fb100000,0x00000000fb100000,0x0000000100000000)
  to   space 82944K, 0% used [0x00000000f5e00000,0x00000000f5e00000,0x00000000faf00000)
 ParOldGen       total 208384K, used 208312K [0x00000000c0000000, 0x00000000ccb80000, 0x00000000eaa80000)
  object space 208384K, 99% used [0x00000000c0000000,0x00000000ccb6e150,0x00000000ccb80000)
 PSPermGen       total 21504K, used 6194K [0x00000000bae00000, 0x00000000bc300000, 0x00000000c0000000)
  object space 21504K, 28% used [0x00000000bae00000,0x00000000bb40cae0,0x00000000bc300000)
}
Event: 60.477 GC heap before
{Heap before GC invocations=24 (full 6):
 PSYoungGen      total 264704K, used 183808K [0x00000000eaa80000, 0x0000000100000000, 0x0000000100000000)
  eden space 183808K, 100% used [0x00000000eaa80000,0x00000000f5e00000,0x00000000f5e00000)
  from space 80896K, 0% used [0x00000000fb100000,0x00000000fb100000,0x0000000100000000)
  to   space 82944K, 0% used [0x00000000f5e00000,0x00000000f5e00000,0x00000000faf00000)
 ParOldGen       total 208384K, used 208312K [0x00000000c0000000, 0x00000000ccb80000, 0x00000000eaa80000)
  object space 208384K, 99% used [0x00000000c0000000,0x00000000ccb6e150,0x00000000ccb80000)
 PSPermGen       total 21504K, used 6199K [0x00000000bae00000, 0x00000000bc300000, 0x00000000c0000000)
  object space 21504K, 28% used [0x00000000bae00000,0x00000000bb40dd58,0x00000000bc300000)
Event: 62.886 GC heap after
Heap after GC invocations=24 (full 6):
 PSYoungGen      total 264704K, used 88651K [0x00000000eaa80000, 0x0000000100000000, 0x0000000100000000)
  eden space 183808K, 48% used [0x00000000eaa80000,0x00000000f0112e00,0x00000000f5e00000)
  from space 80896K, 0% used [0x00000000fb100000,0x00000000fb100000,0x0000000100000000)
  to   space 82944K, 0% used [0x00000000f5e00000,0x00000000f5e00000,0x00000000faf00000)
 ParOldGen       total 208384K, used 208173K [0x00000000c0000000, 0x00000000ccb80000, 0x00000000eaa80000)
  object space 208384K, 99% used [0x00000000c0000000,0x00000000ccb4b580,0x00000000ccb80000)
 PSPermGen       total 21504K, used 6199K [0x00000000bae00000, 0x00000000bc300000, 0x00000000c0000000)
  object space 21504K, 28% used [0x00000000bae00000,0x00000000bb40dd58,0x00000000bc300000)
}
Event: 63.625 GC heap before
{Heap before GC invocations=25 (full 7):
 PSYoungGen      total 264704K, used 183808K [0x00000000eaa80000, 0x0000000100000000, 0x0000000100000000)
  eden space 183808K, 100% used [0x00000000eaa80000,0x00000000f5e00000,0x00000000f5e00000)
  from space 80896K, 0% used [0x00000000fb100000,0x00000000fb100000,0x0000000100000000)
  to   space 82944K, 0% used [0x00000000f5e00000,0x00000000f5e00000,0x00000000faf00000)
 ParOldGen       total 208384K, used 208173K [0x00000000c0000000, 0x00000000ccb80000, 0x00000000eaa80000)
  object space 208384K, 99% used [0x00000000c0000000,0x00000000ccb4b580,0x00000000ccb80000)
 PSPermGen       total 21504K, used 6202K [0x00000000bae00000, 0x00000000bc300000, 0x00000000c0000000)
  object space 21504K, 28% used [0x00000000bae00000,0x00000000bb40eb78,0x00000000bc300000)
Event: 66.350 GC heap after
Heap after GC invocations=25 (full 7):
 PSYoungGen      total 264704K, used 101628K [0x00000000eaa80000, 0x0000000100000000, 0x0000000100000000)
  eden space 183808K, 55% used [0x00000000eaa80000,0x00000000f0dbf198,0x00000000f5e00000)
  from space 80896K, 0% used [0x00000000fb100000,0x00000000fb100000,0x0000000100000000)
  to   space 82944K, 0% used [0x00000000f5e00000,0x00000000f5e00000,0x00000000faf00000)
 ParOldGen       total 208384K, used 208134K [0x00000000c0000000, 0x00000000ccb80000, 0x00000000eaa80000)
  object space 208384K, 99% used [0x00000000c0000000,0x00000000ccb41930,0x00000000ccb80000)
 PSPermGen       total 21504K, used 6202K [0x00000000bae00000, 0x00000000bc300000, 0x00000000c0000000)
  object space 21504K, 28% used [0x00000000bae00000,0x00000000bb40eb78,0x00000000bc300000)
}
Event: 66.868 GC heap before
{Heap before GC invocations=26 (full 8):
 PSYoungGen      total 264704K, used 183808K [0x00000000eaa80000, 0x0000000100000000, 0x0000000100000000)
  eden space 183808K, 100% used [0x00000000eaa80000,0x00000000f5e00000,0x00000000f5e00000)
  from space 80896K, 0% used [0x00000000fb100000,0x00000000fb100000,0x0000000100000000)
  to   space 82944K, 0% used [0x00000000f5e00000,0x00000000f5e00000,0x00000000faf00000)
 ParOldGen       total 208384K, used 208134K [0x00000000c0000000, 0x00000000ccb80000, 0x00000000eaa80000)
  object space 208384K, 99% used [0x00000000c0000000,0x00000000ccb41930,0x00000000ccb80000)
 PSPermGen       total 21504K, used 6203K [0x00000000bae00000, 0x00000000bc300000, 0x00000000c0000000)
  object space 21504K, 28% used [0x00000000bae00000,0x00000000bb40eef0,0x00000000bc300000)
Event: 70.033 GC heap after
Heap after GC invocations=26 (full 8):
 PSYoungGen      total 264704K, used 112786K [0x00000000eaa80000, 0x0000000100000000, 0x0000000100000000)
  eden space 183808K, 61% used [0x00000000eaa80000,0x00000000f18a4970,0x00000000f5e00000)
  from space 80896K, 0% used [0x00000000fb100000,0x00000000fb100000,0x0000000100000000)
  to   space 82944K, 0% used [0x00000000f5e00000,0x00000000f5e00000,0x00000000faf00000)
 ParOldGen       total 208384K, used 208131K [0x00000000c0000000, 0x00000000ccb80000, 0x00000000eaa80000)
  object space 208384K, 99% used [0x00000000c0000000,0x00000000ccb40e68,0x00000000ccb80000)
 PSPermGen       total 21504K, used 6203K [0x00000000bae00000, 0x00000000bc300000, 0x00000000c0000000)
  object space 21504K, 28% used [0x00000000bae00000,0x00000000bb40eeb0,0x00000000bc300000)
}
Event: 70.774 GC heap before
{Heap before GC invocations=27 (full 9):
 PSYoungGen      total 264704K, used 183808K [0x00000000eaa80000, 0x0000000100000000, 0x0000000100000000)
  eden space 183808K, 100% used [0x00000000eaa80000,0x00000000f5e00000,0x00000000f5e00000)
  from space 80896K, 0% used [0x00000000fb100000,0x00000000fb100000,0x0000000100000000)
  to   space 82944K, 0% used [0x00000000f5e00000,0x00000000f5e00000,0x00000000faf00000)
 ParOldGen       total 208384K, used 208131K [0x00000000c0000000, 0x00000000ccb80000, 0x00000000eaa80000)
  object space 208384K, 99% used [0x00000000c0000000,0x00000000ccb40e68,0x00000000ccb80000)
 PSPermGen       total 21504K, used 6208K [0x00000000bae00000, 0x00000000bc300000, 0x00000000c0000000)
  object space 21504K, 28% used [0x00000000bae00000,0x00000000bb410310,0x00000000bc300000)

