# JRE version: Java(TM) SE Runtime Environment (7.0_45-b18) (build 1.7.0_45-b18)
# Java VM: Java HotSpot(TM) 64-Bit Server VM (24.45-b08 mixed mode windows-amd64 compressed oops)
Heap
 PSYoungGen      total 130560K, used 109188K [0x00000000eaa80000, 0x00000000f3680000, 0x0000000100000000)
  eden space 118272K, 85% used [0x00000000eaa80000,0x00000000f0dacc78,0x00000000f1e00000)
  from space 12288K, 62% used [0x00000000f1e00000,0x00000000f25746b0,0x00000000f2a00000)
  to   space 11776K, 0% used [0x00000000f2a00000,0x00000000f2a00000,0x00000000f3580000)
 ParOldGen       total 132096K, used 74388K [0x00000000c0000000, 0x00000000c8100000, 0x00000000eaa80000)
  object space 132096K, 56% used [0x00000000c0000000,0x00000000c48a5140,0x00000000c8100000)
 PSPermGen       total 21504K, used 6271K [0x00000000bae00000, 0x00000000bc300000, 0x00000000c0000000)
  object space 21504K, 29% used [0x00000000bae00000,0x00000000bb41fc48,0x00000000bc300000)
GC Heap History (10 events):
Event: 38.163 GC heap before
{Heap before GC invocations=7 (full 0):
 PSYoungGen      total 130048K, used 127804K [0x00000000eaa80000, 0x00000000f3680000, 0x0000000100000000)
  eden space 118272K, 100% used [0x00000000eaa80000,0x00000000f1e00000,0x00000000f1e00000)
  from space 11776K, 80% used [0x00000000f2a00000,0x00000000f334f0f8,0x00000000f3580000)
  to   space 12288K, 0% used [0x00000000f1e00000,0x00000000f1e00000,0x00000000f2a00000)
 ParOldGen       total 37376K, used 25678K [0x00000000c0000000, 0x00000000c2480000, 0x00000000eaa80000)
  object space 37376K, 68% used [0x00000000c0000000,0x00000000c1913938,0x00000000c2480000)
 PSPermGen       total 21504K, used 5964K [0x00000000bae00000, 0x00000000bc300000, 0x00000000c0000000)
  object space 21504K, 27% used [0x00000000bae00000,0x00000000bb3d32a8,0x00000000bc300000)
Event: 38.942 GC heap after
Heap after GC invocations=7 (full 0):
 PSYoungGen      total 130560K, used 12256K [0x00000000eaa80000, 0x00000000f3680000, 0x0000000100000000)
  eden space 118272K, 0% used [0x00000000eaa80000,0x00000000eaa80000,0x00000000f1e00000)
  from space 12288K, 99% used [0x00000000f1e00000,0x00000000f29f8140,0x00000000f2a00000)
  to   space 11776K, 0% used [0x00000000f2a00000,0x00000000f2a00000,0x00000000f3580000)
 ParOldGen       total 39936K, used 39560K [0x00000000c0000000, 0x00000000c2700000, 0x00000000eaa80000)
  object space 39936K, 99% used [0x00000000c0000000,0x00000000c26a2378,0x00000000c2700000)
 PSPermGen       total 21504K, used 5964K [0x00000000bae00000, 0x00000000bc300000, 0x00000000c0000000)
  object space 21504K, 27% used [0x00000000bae00000,0x00000000bb3d32a8,0x00000000bc300000)
}
Event: 38.942 GC heap before
{Heap before GC invocations=8 (full 1):
 PSYoungGen      total 130560K, used 12256K [0x00000000eaa80000, 0x00000000f3680000, 0x0000000100000000)
  eden space 118272K, 0% used [0x00000000eaa80000,0x00000000eaa80000,0x00000000f1e00000)
  from space 12288K, 99% used [0x00000000f1e00000,0x00000000f29f8140,0x00000000f2a00000)
  to   space 11776K, 0% used [0x00000000f2a00000,0x00000000f2a00000,0x00000000f3580000)
 ParOldGen       total 39936K, used 39560K [0x00000000c0000000, 0x00000000c2700000, 0x00000000eaa80000)
  object space 39936K, 99% used [0x00000000c0000000,0x00000000c26a2378,0x00000000c2700000)
 PSPermGen       total 21504K, used 5964K [0x00000000bae00000, 0x00000000bc300000, 0x00000000c0000000)
  object space 21504K, 27% used [0x00000000bae00000,0x00000000bb3d32a8,0x00000000bc300000)
Event: 43.815 GC heap after
Heap after GC invocations=8 (full 1):
 PSYoungGen      total 130560K, used 8107K [0x00000000eaa80000, 0x00000000f3680000, 0x0000000100000000)
  eden space 118272K, 0% used [0x00000000eaa80000,0x00000000eaa80000,0x00000000f1e00000)
  from space 12288K, 65% used [0x00000000f1e00000,0x00000000f25eaf90,0x00000000f2a00000)
  to   space 11776K, 0% used [0x00000000f2a00000,0x00000000f2a00000,0x00000000f3580000)
 ParOldGen       total 74752K, used 39558K [0x00000000c0000000, 0x00000000c4900000, 0x00000000eaa80000)
  object space 74752K, 52% used [0x00000000c0000000,0x00000000c26a1808,0x00000000c4900000)
 PSPermGen       total 21504K, used 5959K [0x00000000bae00000, 0x00000000bc300000, 0x00000000c0000000)
  object space 21504K, 27% used [0x00000000bae00000,0x00000000bb3d1d48,0x00000000bc300000)
}
Event: 47.196 GC heap before
{Heap before GC invocations=9 (full 1):
 PSYoungGen      total 130560K, used 126379K [0x00000000eaa80000, 0x00000000f3680000, 0x0000000100000000)
  eden space 118272K, 100% used [0x00000000eaa80000,0x00000000f1e00000,0x00000000f1e00000)
  from space 12288K, 65% used [0x00000000f1e00000,0x00000000f25eaf90,0x00000000f2a00000)
  to   space 11776K, 0% used [0x00000000f2a00000,0x00000000f2a00000,0x00000000f3580000)
 ParOldGen       total 74752K, used 39558K [0x00000000c0000000, 0x00000000c4900000, 0x00000000eaa80000)
  object space 74752K, 52% used [0x00000000c0000000,0x00000000c26a1808,0x00000000c4900000)
 PSPermGen       total 21504K, used 6016K [0x00000000bae00000, 0x00000000bc300000, 0x00000000c0000000)
  object space 21504K, 27% used [0x00000000bae00000,0x00000000bb3e0008,0x00000000bc300000)
Event: 47.875 GC heap after
Heap after GC invocations=9 (full 1):
 PSYoungGen      total 130048K, used 11744K [0x00000000eaa80000, 0x00000000f3680000, 0x0000000100000000)
  eden space 118272K, 0% used [0x00000000eaa80000,0x00000000eaa80000,0x00000000f1e00000)
  from space 11776K, 99% used [0x00000000f2a00000,0x00000000f3578010,0x00000000f3580000)
  to   space 12288K, 0% used [0x00000000f1e00000,0x00000000f1e00000,0x00000000f2a00000)
 ParOldGen       total 74752K, used 54515K [0x00000000c0000000, 0x00000000c4900000, 0x00000000eaa80000)
  object space 74752K, 72% used [0x00000000c0000000,0x00000000c353cc20,0x00000000c4900000)
 PSPermGen       total 21504K, used 6016K [0x00000000bae00000, 0x00000000bc300000, 0x00000000c0000000)
  object space 21504K, 27% used [0x00000000bae00000,0x00000000bb3e0008,0x00000000bc300000)
}
Event: 50.187 GC heap before
{Heap before GC invocations=10 (full 1):
 PSYoungGen      total 130048K, used 130016K [0x00000000eaa80000, 0x00000000f3680000, 0x0000000100000000)
  eden space 118272K, 100% used [0x00000000eaa80000,0x00000000f1e00000,0x00000000f1e00000)
  from space 11776K, 99% used [0x00000000f2a00000,0x00000000f3578010,0x00000000f3580000)
  to   space 12288K, 0% used [0x00000000f1e00000,0x00000000f1e00000,0x00000000f2a00000)
 ParOldGen       total 74752K, used 54515K [0x00000000c0000000, 0x00000000c4900000, 0x00000000eaa80000)
  object space 74752K, 72% used [0x00000000c0000000,0x00000000c353cc20,0x00000000c4900000)
 PSPermGen       total 21504K, used 6027K [0x00000000bae00000, 0x00000000bc300000, 0x00000000c0000000)
  object space 21504K, 28% used [0x00000000bae00000,0x00000000bb3e2f00,0x00000000bc300000)
Event: 50.606 GC heap after
Heap after GC invocations=10 (full 1):
 PSYoungGen      total 130560K, used 12266K [0x00000000eaa80000, 0x00000000f3680000, 0x0000000100000000)
  eden space 118272K, 0% used [0x00000000eaa80000,0x00000000eaa80000,0x00000000f1e00000)
  from space 12288K, 99% used [0x00000000f1e00000,0x00000000f29fa910,0x00000000f2a00000)
  to   space 11776K, 0% used [0x00000000f2a00000,0x00000000f2a00000,0x00000000f3580000)
 ParOldGen       total 74752K, used 71332K [0x00000000c0000000, 0x00000000c4900000, 0x00000000eaa80000)
  object space 74752K, 95% used [0x00000000c0000000,0x00000000c45a92f0,0x00000000c4900000)
 PSPermGen       total 21504K, used 6027K [0x00000000bae00000, 0x00000000bc300000, 0x00000000c0000000)
  object space 21504K, 28% used [0x00000000bae00000,0x00000000bb3e2f00,0x00000000bc300000)
}
Event: 50.606 GC heap before
{Heap before GC invocations=11 (full 2):
 PSYoungGen      total 130560K, used 12266K [0x00000000eaa80000, 0x00000000f3680000, 0x0000000100000000)
  eden space 118272K, 0% used [0x00000000eaa80000,0x00000000eaa80000,0x00000000f1e00000)
  from space 12288K, 99% used [0x00000000f1e00000,0x00000000f29fa910,0x00000000f2a00000)
  to   space 11776K, 0% used [0x00000000f2a00000,0x00000000f2a00000,0x00000000f3580000)
 ParOldGen       total 74752K, used 71332K [0x00000000c0000000, 0x00000000c4900000, 0x00000000eaa80000)
  object space 74752K, 95% used [0x00000000c0000000,0x00000000c45a92f0,0x00000000c4900000)
 PSPermGen       total 21504K, used 6027K [0x00000000bae00000, 0x00000000bc300000, 0x00000000c0000000)
  object space 21504K, 28% used [0x00000000bae00000,0x00000000bb3e2f00,0x00000000bc300000)
Event: 54.946 GC heap after
Heap after GC invocations=11 (full 2):
 PSYoungGen      total 130560K, used 7633K [0x00000000eaa80000, 0x00000000f3680000, 0x0000000100000000)
  eden space 118272K, 0% used [0x00000000eaa80000,0x00000000eaa80000,0x00000000f1e00000)
  from space 12288K, 62% used [0x00000000f1e00000,0x00000000f25746b0,0x00000000f2a00000)
  to   space 11776K, 0% used [0x00000000f2a00000,0x00000000f2a00000,0x00000000f3580000)
 ParOldGen       total 132096K, used 74388K [0x00000000c0000000, 0x00000000c8100000, 0x00000000eaa80000)
  object space 132096K, 56% used [0x00000000c0000000,0x00000000c48a5140,0x00000000c8100000)
 PSPermGen       total 21504K, used 6027K [0x00000000bae00000, 0x00000000bc300000, 0x00000000c0000000)
  object space 21504K, 28% used [0x00000000bae00000,0x00000000bb3e2dc0,0x00000000bc300000)
}

