# JRE version: Java(TM) SE Runtime Environment (7.0_45-b18) (build 1.7.0_45-b18)
# Java VM: Java HotSpot(TM) 64-Bit Server VM (24.45-b08 mixed mode windows-amd64 compressed oops)
Heap
 PSYoungGen      total 279552K, used 37601K [0x00000000eaa80000, 0x0000000100000000, 0x0000000100000000)
  eden space 209408K, 5% used [0x00000000eaa80000,0x00000000eb594ab8,0x00000000f7700000)
  from space 70144K, 37% used [0x00000000f7700000,0x00000000f90a3bc8,0x00000000fbb80000)
  to   space 67072K, 0% used [0x00000000fbe80000,0x00000000fbe80000,0x0000000100000000)
 ParOldGen       total 339456K, used 218690K [0x00000000c0000000, 0x00000000d4b80000, 0x00000000eaa80000)
  object space 339456K, 64% used [0x00000000c0000000,0x00000000cd5908e0,0x00000000d4b80000)
 PSPermGen       total 21504K, used 6198K [0x00000000bae00000, 0x00000000bc300000, 0x00000000c0000000)
  object space 21504K, 28% used [0x00000000bae00000,0x00000000bb40d898,0x00000000bc300000)
GC Heap History (10 events):
Event: 25.412 GC heap before
{Heap before GC invocations=17 (full 3):
 PSYoungGen      total 259072K, used 46572K [0x00000000eaa80000, 0x00000000ffb00000, 0x0000000100000000)
  eden space 212480K, 0% used [0x00000000eaa80000,0x00000000eaa80000,0x00000000f7a00000)
  from space 46592K, 99% used [0x00000000fb380000,0x00000000fe0fb088,0x00000000fe100000)
  to   space 58880K, 0% used [0x00000000f7a00000,0x00000000f7a00000,0x00000000fb380000)
 ParOldGen       total 125440K, used 111751K [0x00000000c0000000, 0x00000000c7a80000, 0x00000000eaa80000)
  object space 125440K, 89% used [0x00000000c0000000,0x00000000c6d21ec0,0x00000000c7a80000)
 PSPermGen       total 21504K, used 6162K [0x00000000bae00000, 0x00000000bc300000, 0x00000000c0000000)
  object space 21504K, 28% used [0x00000000bae00000,0x00000000bb4048d8,0x00000000bc300000)
Event: 27.615 GC heap after
Heap after GC invocations=17 (full 3):
 PSYoungGen      total 259072K, used 31660K [0x00000000eaa80000, 0x00000000ffb00000, 0x0000000100000000)
  eden space 212480K, 0% used [0x00000000eaa80000,0x00000000eaa80000,0x00000000f7a00000)
  from space 46592K, 67% used [0x00000000fb380000,0x00000000fd26b2b0,0x00000000fe100000)
  to   space 58880K, 0% used [0x00000000f7a00000,0x00000000f7a00000,0x00000000fb380000)
 ParOldGen       total 202240K, used 125210K [0x00000000c0000000, 0x00000000cc580000, 0x00000000eaa80000)
  object space 202240K, 61% used [0x00000000c0000000,0x00000000c7a46850,0x00000000cc580000)
 PSPermGen       total 21504K, used 6162K [0x00000000bae00000, 0x00000000bc300000, 0x00000000c0000000)
  object space 21504K, 28% used [0x00000000bae00000,0x00000000bb4048b8,0x00000000bc300000)
}
Event: 29.445 GC heap before
{Heap before GC invocations=18 (full 3):
 PSYoungGen      total 259072K, used 244140K [0x00000000eaa80000, 0x00000000ffb00000, 0x0000000100000000)
  eden space 212480K, 100% used [0x00000000eaa80000,0x00000000f7a00000,0x00000000f7a00000)
  from space 46592K, 67% used [0x00000000fb380000,0x00000000fd26b2b0,0x00000000fe100000)
  to   space 58880K, 0% used [0x00000000f7a00000,0x00000000f7a00000,0x00000000fb380000)
 ParOldGen       total 202240K, used 125210K [0x00000000c0000000, 0x00000000cc580000, 0x00000000eaa80000)
  object space 202240K, 61% used [0x00000000c0000000,0x00000000c7a46850,0x00000000cc580000)
 PSPermGen       total 21504K, used 6183K [0x00000000bae00000, 0x00000000bc300000, 0x00000000c0000000)
  object space 21504K, 28% used [0x00000000bae00000,0x00000000bb409eb0,0x00000000bc300000)
Event: 29.730 GC heap after
Heap after GC invocations=18 (full 3):
 PSYoungGen      total 271360K, used 32681K [0x00000000eaa80000, 0x0000000100000000, 0x0000000100000000)
  eden space 212480K, 0% used [0x00000000eaa80000,0x00000000eaa80000,0x00000000f7a00000)
  from space 58880K, 55% used [0x00000000f7a00000,0x00000000f99ea658,0x00000000fb380000)
  to   space 59392K, 0% used [0x00000000fc600000,0x00000000fc600000,0x0000000100000000)
 ParOldGen       total 202240K, used 156976K [0x00000000c0000000, 0x00000000cc580000, 0x00000000eaa80000)
  object space 202240K, 77% used [0x00000000c0000000,0x00000000c994c3e8,0x00000000cc580000)
 PSPermGen       total 21504K, used 6183K [0x00000000bae00000, 0x00000000bc300000, 0x00000000c0000000)
  object space 21504K, 28% used [0x00000000bae00000,0x00000000bb409eb0,0x00000000bc300000)
}
Event: 30.597 GC heap before
{Heap before GC invocations=19 (full 3):
 PSYoungGen      total 271360K, used 245161K [0x00000000eaa80000, 0x0000000100000000, 0x0000000100000000)
  eden space 212480K, 100% used [0x00000000eaa80000,0x00000000f7a00000,0x00000000f7a00000)
  from space 58880K, 55% used [0x00000000f7a00000,0x00000000f99ea658,0x00000000fb380000)
  to   space 59392K, 0% used [0x00000000fc600000,0x00000000fc600000,0x0000000100000000)
 ParOldGen       total 202240K, used 156976K [0x00000000c0000000, 0x00000000cc580000, 0x00000000eaa80000)
  object space 202240K, 77% used [0x00000000c0000000,0x00000000c994c3e8,0x00000000cc580000)
 PSPermGen       total 21504K, used 6193K [0x00000000bae00000, 0x00000000bc300000, 0x00000000c0000000)
  object space 21504K, 28% used [0x00000000bae00000,0x00000000bb40c528,0x00000000bc300000)
Event: 30.827 GC heap after
Heap after GC invocations=19 (full 3):
 PSYoungGen      total 268800K, used 59370K [0x00000000eaa80000, 0x0000000100000000, 0x0000000100000000)
  eden space 209408K, 0% used [0x00000000eaa80000,0x00000000eaa80000,0x00000000f7700000)
  from space 59392K, 99% used [0x00000000fc600000,0x00000000ffffa888,0x0000000100000000)
  to   space 70144K, 0% used [0x00000000f7700000,0x00000000f7700000,0x00000000fbb80000)
 ParOldGen       total 202240K, used 159096K [0x00000000c0000000, 0x00000000cc580000, 0x00000000eaa80000)
  object space 202240K, 78% used [0x00000000c0000000,0x00000000c9b5e0b8,0x00000000cc580000)
 PSPermGen       total 21504K, used 6193K [0x00000000bae00000, 0x00000000bc300000, 0x00000000c0000000)
  object space 21504K, 28% used [0x00000000bae00000,0x00000000bb40c528,0x00000000bc300000)
}
Event: 32.304 GC heap before
{Heap before GC invocations=20 (full 3):
 PSYoungGen      total 268800K, used 268778K [0x00000000eaa80000, 0x0000000100000000, 0x0000000100000000)
  eden space 209408K, 100% used [0x00000000eaa80000,0x00000000f7700000,0x00000000f7700000)
  from space 59392K, 99% used [0x00000000fc600000,0x00000000ffffa888,0x0000000100000000)
  to   space 70144K, 0% used [0x00000000f7700000,0x00000000f7700000,0x00000000fbb80000)
 ParOldGen       total 202240K, used 159096K [0x00000000c0000000, 0x00000000cc580000, 0x00000000eaa80000)
  object space 202240K, 78% used [0x00000000c0000000,0x00000000c9b5e0b8,0x00000000cc580000)
 PSPermGen       total 21504K, used 6197K [0x00000000bae00000, 0x00000000bc300000, 0x00000000c0000000)
  object space 21504K, 28% used [0x00000000bae00000,0x00000000bb40d780,0x00000000bc300000)
Event: 32.694 GC heap after
Heap after GC invocations=20 (full 3):
 PSYoungGen      total 279552K, used 30091K [0x00000000eaa80000, 0x0000000100000000, 0x0000000100000000)
  eden space 209408K, 0% used [0x00000000eaa80000,0x00000000eaa80000,0x00000000f7700000)
  from space 70144K, 42% used [0x00000000f7700000,0x00000000f9462df8,0x00000000fbb80000)
  to   space 67072K, 0% used [0x00000000fbe80000,0x00000000fbe80000,0x0000000100000000)
 ParOldGen       total 219136K, used 218561K [0x00000000c0000000, 0x00000000cd600000, 0x00000000eaa80000)
  object space 219136K, 99% used [0x00000000c0000000,0x00000000cd570570,0x00000000cd600000)
 PSPermGen       total 21504K, used 6197K [0x00000000bae00000, 0x00000000bc300000, 0x00000000c0000000)
  object space 21504K, 28% used [0x00000000bae00000,0x00000000bb40d780,0x00000000bc300000)
}
Event: 32.694 GC heap before
{Heap before GC invocations=21 (full 4):
 PSYoungGen      total 279552K, used 30091K [0x00000000eaa80000, 0x0000000100000000, 0x0000000100000000)
  eden space 209408K, 0% used [0x00000000eaa80000,0x00000000eaa80000,0x00000000f7700000)
  from space 70144K, 42% used [0x00000000f7700000,0x00000000f9462df8,0x00000000fbb80000)
  to   space 67072K, 0% used [0x00000000fbe80000,0x00000000fbe80000,0x0000000100000000)
 ParOldGen       total 219136K, used 218561K [0x00000000c0000000, 0x00000000cd600000, 0x00000000eaa80000)
  object space 219136K, 99% used [0x00000000c0000000,0x00000000cd570570,0x00000000cd600000)
 PSPermGen       total 21504K, used 6197K [0x00000000bae00000, 0x00000000bc300000, 0x00000000c0000000)
  object space 21504K, 28% used [0x00000000bae00000,0x00000000bb40d780,0x00000000bc300000)
Event: 37.148 GC heap after
Heap after GC invocations=21 (full 4):
 PSYoungGen      total 279552K, used 26254K [0x00000000eaa80000, 0x0000000100000000, 0x0000000100000000)
  eden space 209408K, 0% used [0x00000000eaa80000,0x00000000eaa80000,0x00000000f7700000)
  from space 70144K, 37% used [0x00000000f7700000,0x00000000f90a3bc8,0x00000000fbb80000)
  to   space 67072K, 0% used [0x00000000fbe80000,0x00000000fbe80000,0x0000000100000000)
 ParOldGen       total 339456K, used 218690K [0x00000000c0000000, 0x00000000d4b80000, 0x00000000eaa80000)
  object space 339456K, 64% used [0x00000000c0000000,0x00000000cd5908e0,0x00000000d4b80000)
 PSPermGen       total 21504K, used 6197K [0x00000000bae00000, 0x00000000bc300000, 0x00000000c0000000)
  object space 21504K, 28% used [0x00000000bae00000,0x00000000bb40d700,0x00000000bc300000)
}

