# JRE version: Java(TM) SE Runtime Environment (7.0_45-b18) (build 1.7.0_45-b18)
# Java VM: Java HotSpot(TM) 64-Bit Server VM (24.45-b08 mixed mode windows-amd64 compressed oops)
Heap
 PSYoungGen      total 185856K, used 55231K [0x00000000eaa80000, 0x00000000fcf00000, 0x0000000100000000)
  eden space 159232K, 21% used [0x00000000eaa80000,0x00000000ecc6afc8,0x00000000f4600000)
  from space 26624K, 76% used [0x00000000f4600000,0x00000000f5a04ea8,0x00000000f6000000)
  to   space 37376K, 0% used [0x00000000faa80000,0x00000000faa80000,0x00000000fcf00000)
 ParOldGen       total 121856K, used 66978K [0x00000000c0000000, 0x00000000c7700000, 0x00000000eaa80000)
  object space 121856K, 54% used [0x00000000c0000000,0x00000000c41689c0,0x00000000c7700000)
 PSPermGen       total 21504K, used 6037K [0x00000000bae00000, 0x00000000bc300000, 0x00000000c0000000)
  object space 21504K, 28% used [0x00000000bae00000,0x00000000bb3e5580,0x00000000bc300000)
GC Heap History (10 events):
Event: 31.191 GC heap before
{Heap before GC invocations=7 (full 1):
 PSYoungGen      total 128000K, used 11756K [0x00000000eaa80000, 0x00000000f3a80000, 0x0000000100000000)
  eden space 116224K, 0% used [0x00000000eaa80000,0x00000000eaa80000,0x00000000f1c00000)
  from space 11776K, 99% used [0x00000000f2a00000,0x00000000f357b1a0,0x00000000f3580000)
  to   space 14336K, 0% used [0x00000000f1c00000,0x00000000f1c00000,0x00000000f2a00000)
 ParOldGen       total 37376K, used 27348K [0x00000000c0000000, 0x00000000c2480000, 0x00000000eaa80000)
  object space 37376K, 73% used [0x00000000c0000000,0x00000000c1ab50a0,0x00000000c2480000)
 PSPermGen       total 21504K, used 5934K [0x00000000bae00000, 0x00000000bc300000, 0x00000000c0000000)
  object space 21504K, 27% used [0x00000000bae00000,0x00000000bb3cba80,0x00000000bc300000)
Event: 33.929 GC heap after
Heap after GC invocations=7 (full 1):
 PSYoungGen      total 128000K, used 0K [0x00000000eaa80000, 0x00000000f3a80000, 0x0000000100000000)
  eden space 116224K, 0% used [0x00000000eaa80000,0x00000000eaa80000,0x00000000f1c00000)
  from space 11776K, 0% used [0x00000000f2a00000,0x00000000f2a00000,0x00000000f3580000)
  to   space 14336K, 0% used [0x00000000f1c00000,0x00000000f1c00000,0x00000000f2a00000)
 ParOldGen       total 67072K, used 33860K [0x00000000c0000000, 0x00000000c4180000, 0x00000000eaa80000)
  object space 67072K, 50% used [0x00000000c0000000,0x00000000c21110c8,0x00000000c4180000)
 PSPermGen       total 21504K, used 5929K [0x00000000bae00000, 0x00000000bc300000, 0x00000000c0000000)
  object space 21504K, 27% used [0x00000000bae00000,0x00000000bb3ca700,0x00000000bc300000)
}
Event: 37.616 GC heap before
{Heap before GC invocations=8 (full 1):
 PSYoungGen      total 128000K, used 116224K [0x00000000eaa80000, 0x00000000f3a80000, 0x0000000100000000)
  eden space 116224K, 100% used [0x00000000eaa80000,0x00000000f1c00000,0x00000000f1c00000)
  from space 11776K, 0% used [0x00000000f2a00000,0x00000000f2a00000,0x00000000f3580000)
  to   space 14336K, 0% used [0x00000000f1c00000,0x00000000f1c00000,0x00000000f2a00000)
 ParOldGen       total 67072K, used 33860K [0x00000000c0000000, 0x00000000c4180000, 0x00000000eaa80000)
  object space 67072K, 50% used [0x00000000c0000000,0x00000000c21110c8,0x00000000c4180000)
 PSPermGen       total 21504K, used 5961K [0x00000000bae00000, 0x00000000bc300000, 0x00000000c0000000)
  object space 21504K, 27% used [0x00000000bae00000,0x00000000bb3d2670,0x00000000bc300000)
Event: 37.872 GC heap after
Heap after GC invocations=8 (full 1):
 PSYoungGen      total 130560K, used 14331K [0x00000000eaa80000, 0x00000000f7180000, 0x0000000100000000)
  eden space 116224K, 0% used [0x00000000eaa80000,0x00000000eaa80000,0x00000000f1c00000)
  from space 14336K, 99% used [0x00000000f1c00000,0x00000000f29fefd0,0x00000000f2a00000)
  to   space 17920K, 0% used [0x00000000f6000000,0x00000000f6000000,0x00000000f7180000)
 ParOldGen       total 67072K, used 36574K [0x00000000c0000000, 0x00000000c4180000, 0x00000000eaa80000)
  object space 67072K, 54% used [0x00000000c0000000,0x00000000c23b79c8,0x00000000c4180000)
 PSPermGen       total 21504K, used 5961K [0x00000000bae00000, 0x00000000bc300000, 0x00000000c0000000)
  object space 21504K, 27% used [0x00000000bae00000,0x00000000bb3d2670,0x00000000bc300000)
}
Event: 40.891 GC heap before
{Heap before GC invocations=9 (full 1):
 PSYoungGen      total 130560K, used 130555K [0x00000000eaa80000, 0x00000000f7180000, 0x0000000100000000)
  eden space 116224K, 100% used [0x00000000eaa80000,0x00000000f1c00000,0x00000000f1c00000)
  from space 14336K, 99% used [0x00000000f1c00000,0x00000000f29fefd0,0x00000000f2a00000)
  to   space 17920K, 0% used [0x00000000f6000000,0x00000000f6000000,0x00000000f7180000)
 ParOldGen       total 67072K, used 36574K [0x00000000c0000000, 0x00000000c4180000, 0x00000000eaa80000)
  object space 67072K, 54% used [0x00000000c0000000,0x00000000c23b79c8,0x00000000c4180000)
 PSPermGen       total 21504K, used 6020K [0x00000000bae00000, 0x00000000bc300000, 0x00000000c0000000)
  object space 21504K, 27% used [0x00000000bae00000,0x00000000bb3e11a0,0x00000000bc300000)
Event: 41.509 GC heap after
Heap after GC invocations=9 (full 1):
 PSYoungGen      total 177152K, used 17890K [0x00000000eaa80000, 0x00000000f8c00000, 0x0000000100000000)
  eden space 159232K, 0% used [0x00000000eaa80000,0x00000000eaa80000,0x00000000f4600000)
  from space 17920K, 99% used [0x00000000f6000000,0x00000000f7178900,0x00000000f7180000)
  to   space 26624K, 0% used [0x00000000f4600000,0x00000000f4600000,0x00000000f6000000)
 ParOldGen       total 67072K, used 50738K [0x00000000c0000000, 0x00000000c4180000, 0x00000000eaa80000)
  object space 67072K, 75% used [0x00000000c0000000,0x00000000c318cbb0,0x00000000c4180000)
 PSPermGen       total 21504K, used 6020K [0x00000000bae00000, 0x00000000bc300000, 0x00000000c0000000)
  object space 21504K, 27% used [0x00000000bae00000,0x00000000bb3e11a0,0x00000000bc300000)
}
Event: 44.351 GC heap before
{Heap before GC invocations=10 (full 1):
 PSYoungGen      total 177152K, used 177122K [0x00000000eaa80000, 0x00000000f8c00000, 0x0000000100000000)
  eden space 159232K, 100% used [0x00000000eaa80000,0x00000000f4600000,0x00000000f4600000)
  from space 17920K, 99% used [0x00000000f6000000,0x00000000f7178900,0x00000000f7180000)
  to   space 26624K, 0% used [0x00000000f4600000,0x00000000f4600000,0x00000000f6000000)
 ParOldGen       total 67072K, used 50738K [0x00000000c0000000, 0x00000000c4180000, 0x00000000eaa80000)
  object space 67072K, 75% used [0x00000000c0000000,0x00000000c318cbb0,0x00000000c4180000)
 PSPermGen       total 21504K, used 6037K [0x00000000bae00000, 0x00000000bc300000, 0x00000000c0000000)
  object space 21504K, 28% used [0x00000000bae00000,0x00000000bb3e5478,0x00000000bc300000)
Event: 46.471 GC heap after
Heap after GC invocations=10 (full 1):
 PSYoungGen      total 185856K, used 26602K [0x00000000eaa80000, 0x00000000fcf00000, 0x0000000100000000)
  eden space 159232K, 0% used [0x00000000eaa80000,0x00000000eaa80000,0x00000000f4600000)
  from space 26624K, 99% used [0x00000000f4600000,0x00000000f5ffab10,0x00000000f6000000)
  to   space 37376K, 0% used [0x00000000faa80000,0x00000000faa80000,0x00000000fcf00000)
 ParOldGen       total 67072K, used 66141K [0x00000000c0000000, 0x00000000c4180000, 0x00000000eaa80000)
  object space 67072K, 98% used [0x00000000c0000000,0x00000000c40976a8,0x00000000c4180000)
 PSPermGen       total 21504K, used 6037K [0x00000000bae00000, 0x00000000bc300000, 0x00000000c0000000)
  object space 21504K, 28% used [0x00000000bae00000,0x00000000bb3e5478,0x00000000bc300000)
}
Event: 46.471 GC heap before
{Heap before GC invocations=11 (full 2):
 PSYoungGen      total 185856K, used 26602K [0x00000000eaa80000, 0x00000000fcf00000, 0x0000000100000000)
  eden space 159232K, 0% used [0x00000000eaa80000,0x00000000eaa80000,0x00000000f4600000)
  from space 26624K, 99% used [0x00000000f4600000,0x00000000f5ffab10,0x00000000f6000000)
  to   space 37376K, 0% used [0x00000000faa80000,0x00000000faa80000,0x00000000fcf00000)
 ParOldGen       total 67072K, used 66141K [0x00000000c0000000, 0x00000000c4180000, 0x00000000eaa80000)
  object space 67072K, 98% used [0x00000000c0000000,0x00000000c40976a8,0x00000000c4180000)
 PSPermGen       total 21504K, used 6037K [0x00000000bae00000, 0x00000000bc300000, 0x00000000c0000000)
  object space 21504K, 28% used [0x00000000bae00000,0x00000000bb3e5478,0x00000000bc300000)
Event: 64.213 GC heap after
Heap after GC invocations=11 (full 2):
 PSYoungGen      total 185856K, used 20499K [0x00000000eaa80000, 0x00000000fcf00000, 0x0000000100000000)
  eden space 159232K, 0% used [0x00000000eaa80000,0x00000000eaa80000,0x00000000f4600000)
  from space 26624K, 76% used [0x00000000f4600000,0x00000000f5a04ea8,0x00000000f6000000)
  to   space 37376K, 0% used [0x00000000faa80000,0x00000000faa80000,0x00000000fcf00000)
 ParOldGen       total 121856K, used 66978K [0x00000000c0000000, 0x00000000c7700000, 0x00000000eaa80000)
  object space 121856K, 54% used [0x00000000c0000000,0x00000000c41689c0,0x00000000c7700000)
 PSPermGen       total 21504K, used 6036K [0x00000000bae00000, 0x00000000bc300000, 0x00000000c0000000)
  object space 21504K, 28% used [0x00000000bae00000,0x00000000bb3e5198,0x00000000bc300000)
}

