# JRE version: Java(TM) SE Runtime Environment (7.0_45-b18) (build 1.7.0_45-b18)
# Java VM: Java HotSpot(TM) 64-Bit Server VM (24.45-b08 mixed mode windows-amd64 compressed oops)
Heap
 PSYoungGen      total 231936K, used 153901K [0x00000000eaa80000, 0x00000000fc080000, 0x0000000100000000)
  eden space 200704K, 76% used [0x00000000eaa80000,0x00000000f40cb550,0x00000000f6e80000)
  from space 31232K, 0% used [0x00000000fa200000,0x00000000fa200000,0x00000000fc080000)
  to   space 29696K, 0% used [0x00000000f8500000,0x00000000f8500000,0x00000000fa200000)
 ParOldGen       total 78848K, used 78669K [0x00000000c0000000, 0x00000000c4d00000, 0x00000000eaa80000)
  object space 78848K, 99% used [0x00000000c0000000,0x00000000c4cd3470,0x00000000c4d00000)
 PSPermGen       total 21504K, used 6170K [0x00000000bae00000, 0x00000000bc300000, 0x00000000c0000000)
  object space 21504K, 28% used [0x00000000bae00000,0x00000000bb406b18,0x00000000bc300000)
GC Heap History (10 events):
Event: 23.371 GC heap before
{Heap before GC invocations=10 (full 1):
 PSYoungGen      total 180224K, used 180183K [0x00000000eaa80000, 0x00000000fbf00000, 0x0000000100000000)
  eden space 156160K, 100% used [0x00000000eaa80000,0x00000000f4300000,0x00000000f4300000)
  from space 24064K, 99% used [0x00000000fa780000,0x00000000fbef5e00,0x00000000fbf00000)
  to   space 29696K, 0% used [0x00000000f8500000,0x00000000f8500000,0x00000000fa200000)
 ParOldGen       total 76288K, used 36970K [0x00000000c0000000, 0x00000000c4a80000, 0x00000000eaa80000)
  object space 76288K, 48% used [0x00000000c0000000,0x00000000c241abd8,0x00000000c4a80000)
 PSPermGen       total 21504K, used 6106K [0x00000000bae00000, 0x00000000bc300000, 0x00000000c0000000)
  object space 21504K, 28% used [0x00000000bae00000,0x00000000bb3f68a8,0x00000000bc300000)
Event: 23.846 GC heap after
Heap after GC invocations=10 (full 1):
 PSYoungGen      total 230400K, used 29679K [0x00000000eaa80000, 0x00000000fc080000, 0x0000000100000000)
  eden space 200704K, 0% used [0x00000000eaa80000,0x00000000eaa80000,0x00000000f6e80000)
  from space 29696K, 99% used [0x00000000f8500000,0x00000000fa1fbcf8,0x00000000fa200000)
  to   space 31232K, 0% used [0x00000000fa200000,0x00000000fa200000,0x00000000fc080000)
 ParOldGen       total 76288K, used 54190K [0x00000000c0000000, 0x00000000c4a80000, 0x00000000eaa80000)
  object space 76288K, 71% used [0x00000000c0000000,0x00000000c34ebbf8,0x00000000c4a80000)
 PSPermGen       total 21504K, used 6106K [0x00000000bae00000, 0x00000000bc300000, 0x00000000c0000000)
  object space 21504K, 28% used [0x00000000bae00000,0x00000000bb3f68a8,0x00000000bc300000)
}
Event: 26.445 GC heap before
{Heap before GC invocations=11 (full 1):
 PSYoungGen      total 230400K, used 230383K [0x00000000eaa80000, 0x00000000fc080000, 0x0000000100000000)
  eden space 200704K, 100% used [0x00000000eaa80000,0x00000000f6e80000,0x00000000f6e80000)
  from space 29696K, 99% used [0x00000000f8500000,0x00000000fa1fbcf8,0x00000000fa200000)
  to   space 31232K, 0% used [0x00000000fa200000,0x00000000fa200000,0x00000000fc080000)
 ParOldGen       total 76288K, used 54190K [0x00000000c0000000, 0x00000000c4a80000, 0x00000000eaa80000)
  object space 76288K, 71% used [0x00000000c0000000,0x00000000c34ebbf8,0x00000000c4a80000)
 PSPermGen       total 21504K, used 6126K [0x00000000bae00000, 0x00000000bc300000, 0x00000000c0000000)
  object space 21504K, 28% used [0x00000000bae00000,0x00000000bb3fb868,0x00000000bc300000)
Event: 26.789 GC heap after
Heap after GC invocations=11 (full 1):
 PSYoungGen      total 231936K, used 31207K [0x00000000eaa80000, 0x00000000fc080000, 0x0000000100000000)
  eden space 200704K, 0% used [0x00000000eaa80000,0x00000000eaa80000,0x00000000f6e80000)
  from space 31232K, 99% used [0x00000000fa200000,0x00000000fc079d20,0x00000000fc080000)
  to   space 29696K, 0% used [0x00000000f8500000,0x00000000f8500000,0x00000000fa200000)
 ParOldGen       total 78848K, used 78713K [0x00000000c0000000, 0x00000000c4d00000, 0x00000000eaa80000)
  object space 78848K, 99% used [0x00000000c0000000,0x00000000c4cde738,0x00000000c4d00000)
 PSPermGen       total 21504K, used 6126K [0x00000000bae00000, 0x00000000bc300000, 0x00000000c0000000)
  object space 21504K, 28% used [0x00000000bae00000,0x00000000bb3fb868,0x00000000bc300000)
}
Event: 26.789 GC heap before
{Heap before GC invocations=12 (full 2):
 PSYoungGen      total 231936K, used 31207K [0x00000000eaa80000, 0x00000000fc080000, 0x0000000100000000)
  eden space 200704K, 0% used [0x00000000eaa80000,0x00000000eaa80000,0x00000000f6e80000)
  from space 31232K, 99% used [0x00000000fa200000,0x00000000fc079d20,0x00000000fc080000)
  to   space 29696K, 0% used [0x00000000f8500000,0x00000000f8500000,0x00000000fa200000)
 ParOldGen       total 78848K, used 78713K [0x00000000c0000000, 0x00000000c4d00000, 0x00000000eaa80000)
  object space 78848K, 99% used [0x00000000c0000000,0x00000000c4cde738,0x00000000c4d00000)
 PSPermGen       total 21504K, used 6126K [0x00000000bae00000, 0x00000000bc300000, 0x00000000c0000000)
  object space 21504K, 28% used [0x00000000bae00000,0x00000000bb3fb868,0x00000000bc300000)
Event: 29.490 GC heap after
Heap after GC invocations=12 (full 2):
 PSYoungGen      total 231936K, used 26903K [0x00000000eaa80000, 0x00000000fc080000, 0x0000000100000000)
  eden space 200704K, 0% used [0x00000000eaa80000,0x00000000eaa80000,0x00000000f6e80000)
  from space 31232K, 86% used [0x00000000fa200000,0x00000000fbc45cd0,0x00000000fc080000)
  to   space 29696K, 0% used [0x00000000f8500000,0x00000000f8500000,0x00000000fa200000)
 ParOldGen       total 78848K, used 78753K [0x00000000c0000000, 0x00000000c4d00000, 0x00000000eaa80000)
  object space 78848K, 99% used [0x00000000c0000000,0x00000000c4ce8500,0x00000000c4d00000)
 PSPermGen       total 21504K, used 6125K [0x00000000bae00000, 0x00000000bc300000, 0x00000000c0000000)
  object space 21504K, 28% used [0x00000000bae00000,0x00000000bb3fb5c8,0x00000000bc300000)
}
Event: 32.361 GC heap before
{Heap before GC invocations=13 (full 3):
 PSYoungGen      total 231936K, used 227607K [0x00000000eaa80000, 0x00000000fc080000, 0x0000000100000000)
  eden space 200704K, 100% used [0x00000000eaa80000,0x00000000f6e80000,0x00000000f6e80000)
  from space 31232K, 86% used [0x00000000fa200000,0x00000000fbc45cd0,0x00000000fc080000)
  to   space 29696K, 0% used [0x00000000f8500000,0x00000000f8500000,0x00000000fa200000)
 ParOldGen       total 78848K, used 78753K [0x00000000c0000000, 0x00000000c4d00000, 0x00000000eaa80000)
  object space 78848K, 99% used [0x00000000c0000000,0x00000000c4ce8500,0x00000000c4d00000)
 PSPermGen       total 21504K, used 6150K [0x00000000bae00000, 0x00000000bc300000, 0x00000000c0000000)
  object space 21504K, 28% used [0x00000000bae00000,0x00000000bb401988,0x00000000bc300000)
Event: 34.378 GC heap after
Heap after GC invocations=13 (full 3):
 PSYoungGen      total 231936K, used 58331K [0x00000000eaa80000, 0x00000000fc080000, 0x0000000100000000)
  eden space 200704K, 29% used [0x00000000eaa80000,0x00000000ee376d20,0x00000000f6e80000)
  from space 31232K, 0% used [0x00000000fa200000,0x00000000fa200000,0x00000000fc080000)
  to   space 29696K, 0% used [0x00000000f8500000,0x00000000f8500000,0x00000000fa200000)
 ParOldGen       total 78848K, used 78807K [0x00000000c0000000, 0x00000000c4d00000, 0x00000000eaa80000)
  object space 78848K, 99% used [0x00000000c0000000,0x00000000c4cf5c58,0x00000000c4d00000)
 PSPermGen       total 21504K, used 6150K [0x00000000bae00000, 0x00000000bc300000, 0x00000000c0000000)
  object space 21504K, 28% used [0x00000000bae00000,0x00000000bb401888,0x00000000bc300000)
}
Event: 37.191 GC heap before
{Heap before GC invocations=14 (full 4):
 PSYoungGen      total 231936K, used 200704K [0x00000000eaa80000, 0x00000000fc080000, 0x0000000100000000)
  eden space 200704K, 100% used [0x00000000eaa80000,0x00000000f6e80000,0x00000000f6e80000)
  from space 31232K, 0% used [0x00000000fa200000,0x00000000fa200000,0x00000000fc080000)
  to   space 29696K, 0% used [0x00000000f8500000,0x00000000f8500000,0x00000000fa200000)
 ParOldGen       total 78848K, used 78807K [0x00000000c0000000, 0x00000000c4d00000, 0x00000000eaa80000)
  object space 78848K, 99% used [0x00000000c0000000,0x00000000c4cf5c58,0x00000000c4d00000)
 PSPermGen       total 21504K, used 6161K [0x00000000bae00000, 0x00000000bc300000, 0x00000000c0000000)
  object space 21504K, 28% used [0x00000000bae00000,0x00000000bb404408,0x00000000bc300000)
Event: 39.222 GC heap after
Heap after GC invocations=14 (full 4):
 PSYoungGen      total 231936K, used 79224K [0x00000000eaa80000, 0x00000000fc080000, 0x0000000100000000)
  eden space 200704K, 39% used [0x00000000eaa80000,0x00000000ef7de118,0x00000000f6e80000)
  from space 31232K, 0% used [0x00000000fa200000,0x00000000fa200000,0x00000000fc080000)
  to   space 29696K, 0% used [0x00000000f8500000,0x00000000f8500000,0x00000000fa200000)
 ParOldGen       total 78848K, used 78669K [0x00000000c0000000, 0x00000000c4d00000, 0x00000000eaa80000)
  object space 78848K, 99% used [0x00000000c0000000,0x00000000c4cd3470,0x00000000c4d00000)
 PSPermGen       total 21504K, used 6160K [0x00000000bae00000, 0x00000000bc300000, 0x00000000c0000000)
  object space 21504K, 28% used [0x00000000bae00000,0x00000000bb4043e8,0x00000000bc300000)
}

