# JRE version: Java(TM) SE Runtime Environment (7.0_45-b18) (build 1.7.0_45-b18)
# Java VM: Java HotSpot(TM) 64-Bit Server VM (24.45-b08 mixed mode windows-amd64 compressed oops)
Heap
 PSYoungGen      total 265216K, used 167960K [0x00000000eaa80000, 0x00000000fe680000, 0x0000000100000000)
  eden space 209408K, 53% used [0x00000000eaa80000,0x00000000f1806b48,0x00000000f7700000)
  from space 55808K, 99% used [0x00000000f7700000,0x00000000fad7f5b0,0x00000000fad80000)
  to   space 55808K, 0% used [0x00000000fad80000,0x00000000fad80000,0x00000000fe400000)
 ParOldGen       total 212992K, used 127604K [0x00000000c0000000, 0x00000000cd000000, 0x00000000eaa80000)
  object space 212992K, 59% used [0x00000000c0000000,0x00000000c7c9d008,0x00000000cd000000)
 PSPermGen       total 21504K, used 6178K [0x00000000bae00000, 0x00000000bc300000, 0x00000000c0000000)
  object space 21504K, 28% used [0x00000000bae00000,0x00000000bb408ae0,0x00000000bc300000)
GC Heap History (10 events):
Event: 47.310 GC heap before
{Heap before GC invocations=14 (full 2):
 PSYoungGen      total 213504K, used 33788K [0x00000000eaa80000, 0x00000000fd780000, 0x0000000100000000)
  eden space 174080K, 0% used [0x00000000eaa80000,0x00000000eaa80000,0x00000000f5480000)
  from space 39424K, 85% used [0x00000000f7f80000,0x00000000fa07f108,0x00000000fa600000)
  to   space 44032K, 0% used [0x00000000f5480000,0x00000000f5480000,0x00000000f7f80000)
 ParOldGen       total 71680K, used 68363K [0x00000000c0000000, 0x00000000c4600000, 0x00000000eaa80000)
  object space 71680K, 95% used [0x00000000c0000000,0x00000000c42c2fa0,0x00000000c4600000)
 PSPermGen       total 21504K, used 6121K [0x00000000bae00000, 0x00000000bc300000, 0x00000000c0000000)
  object space 21504K, 28% used [0x00000000bae00000,0x00000000bb3fa6e8,0x00000000bc300000)
Event: 52.176 GC heap after
Heap after GC invocations=14 (full 2):
 PSYoungGen      total 213504K, used 27444K [0x00000000eaa80000, 0x00000000fd780000, 0x0000000100000000)
  eden space 174080K, 0% used [0x00000000eaa80000,0x00000000eaa80000,0x00000000f5480000)
  from space 39424K, 69% used [0x00000000f7f80000,0x00000000f9a4d178,0x00000000fa600000)
  to   space 44032K, 0% used [0x00000000f5480000,0x00000000f5480000,0x00000000f7f80000)
 ParOldGen       total 126976K, used 71316K [0x00000000c0000000, 0x00000000c7c00000, 0x00000000eaa80000)
  object space 126976K, 56% used [0x00000000c0000000,0x00000000c45a5398,0x00000000c7c00000)
 PSPermGen       total 21504K, used 6120K [0x00000000bae00000, 0x00000000bc300000, 0x00000000c0000000)
  object space 21504K, 28% used [0x00000000bae00000,0x00000000bb3fa348,0x00000000bc300000)
}
Event: 55.955 GC heap before
{Heap before GC invocations=15 (full 2):
 PSYoungGen      total 213504K, used 201524K [0x00000000eaa80000, 0x00000000fd780000, 0x0000000100000000)
  eden space 174080K, 100% used [0x00000000eaa80000,0x00000000f5480000,0x00000000f5480000)
  from space 39424K, 69% used [0x00000000f7f80000,0x00000000f9a4d178,0x00000000fa600000)
  to   space 44032K, 0% used [0x00000000f5480000,0x00000000f5480000,0x00000000f7f80000)
 ParOldGen       total 126976K, used 71316K [0x00000000c0000000, 0x00000000c7c00000, 0x00000000eaa80000)
  object space 126976K, 56% used [0x00000000c0000000,0x00000000c45a5398,0x00000000c7c00000)
 PSPermGen       total 21504K, used 6144K [0x00000000bae00000, 0x00000000bc300000, 0x00000000c0000000)
  object space 21504K, 28% used [0x00000000bae00000,0x00000000bb4001e8,0x00000000bc300000)
Event: 56.612 GC heap after
Heap after GC invocations=15 (full 2):
 PSYoungGen      total 218112K, used 44010K [0x00000000eaa80000, 0x00000000fe400000, 0x0000000100000000)
  eden space 174080K, 0% used [0x00000000eaa80000,0x00000000eaa80000,0x00000000f5480000)
  from space 44032K, 99% used [0x00000000f5480000,0x00000000f7f7abb0,0x00000000f7f80000)
  to   space 55808K, 0% used [0x00000000fad80000,0x00000000fad80000,0x00000000fe400000)
 ParOldGen       total 126976K, used 82426K [0x00000000c0000000, 0x00000000c7c00000, 0x00000000eaa80000)
  object space 126976K, 64% used [0x00000000c0000000,0x00000000c507eb50,0x00000000c7c00000)
 PSPermGen       total 21504K, used 6144K [0x00000000bae00000, 0x00000000bc300000, 0x00000000c0000000)
  object space 21504K, 28% used [0x00000000bae00000,0x00000000bb4001e8,0x00000000bc300000)
}
Event: 63.000 GC heap before
{Heap before GC invocations=16 (full 2):
 PSYoungGen      total 218112K, used 218090K [0x00000000eaa80000, 0x00000000fe400000, 0x0000000100000000)
  eden space 174080K, 100% used [0x00000000eaa80000,0x00000000f5480000,0x00000000f5480000)
  from space 44032K, 99% used [0x00000000f5480000,0x00000000f7f7abb0,0x00000000f7f80000)
  to   space 55808K, 0% used [0x00000000fad80000,0x00000000fad80000,0x00000000fe400000)
 ParOldGen       total 126976K, used 82426K [0x00000000c0000000, 0x00000000c7c00000, 0x00000000eaa80000)
  object space 126976K, 64% used [0x00000000c0000000,0x00000000c507eb50,0x00000000c7c00000)
 PSPermGen       total 21504K, used 6156K [0x00000000bae00000, 0x00000000bc300000, 0x00000000c0000000)
  object space 21504K, 28% used [0x00000000bae00000,0x00000000bb403098,0x00000000bc300000)
Event: 63.972 GC heap after
Heap after GC invocations=16 (full 2):
 PSYoungGen      total 265216K, used 28779K [0x00000000eaa80000, 0x00000000fe680000, 0x0000000100000000)
  eden space 209408K, 0% used [0x00000000eaa80000,0x00000000eaa80000,0x00000000f7700000)
  from space 55808K, 51% used [0x00000000fad80000,0x00000000fc99afc0,0x00000000fe400000)
  to   space 55808K, 0% used [0x00000000f7700000,0x00000000f7700000,0x00000000fad80000)
 ParOldGen       total 126976K, used 125297K [0x00000000c0000000, 0x00000000c7c00000, 0x00000000eaa80000)
  object space 126976K, 98% used [0x00000000c0000000,0x00000000c7a5c6b0,0x00000000c7c00000)
 PSPermGen       total 21504K, used 6156K [0x00000000bae00000, 0x00000000bc300000, 0x00000000c0000000)
  object space 21504K, 28% used [0x00000000bae00000,0x00000000bb403098,0x00000000bc300000)
}
Event: 63.972 GC heap before
{Heap before GC invocations=17 (full 3):
 PSYoungGen      total 265216K, used 28779K [0x00000000eaa80000, 0x00000000fe680000, 0x0000000100000000)
  eden space 209408K, 0% used [0x00000000eaa80000,0x00000000eaa80000,0x00000000f7700000)
  from space 55808K, 51% used [0x00000000fad80000,0x00000000fc99afc0,0x00000000fe400000)
  to   space 55808K, 0% used [0x00000000f7700000,0x00000000f7700000,0x00000000fad80000)
 ParOldGen       total 126976K, used 125297K [0x00000000c0000000, 0x00000000c7c00000, 0x00000000eaa80000)
  object space 126976K, 98% used [0x00000000c0000000,0x00000000c7a5c6b0,0x00000000c7c00000)
 PSPermGen       total 21504K, used 6156K [0x00000000bae00000, 0x00000000bc300000, 0x00000000c0000000)
  object space 21504K, 28% used [0x00000000bae00000,0x00000000bb403098,0x00000000bc300000)
Event: 70.170 GC heap after
Heap after GC invocations=17 (full 3):
 PSYoungGen      total 265216K, used 25503K [0x00000000eaa80000, 0x00000000fe680000, 0x0000000100000000)
  eden space 209408K, 0% used [0x00000000eaa80000,0x00000000eaa80000,0x00000000f7700000)
  from space 55808K, 45% used [0x00000000fad80000,0x00000000fc667f90,0x00000000fe400000)
  to   space 55808K, 0% used [0x00000000f7700000,0x00000000f7700000,0x00000000fad80000)
 ParOldGen       total 212992K, used 126945K [0x00000000c0000000, 0x00000000cd000000, 0x00000000eaa80000)
  object space 212992K, 59% used [0x00000000c0000000,0x00000000c7bf8758,0x00000000cd000000)
 PSPermGen       total 21504K, used 6156K [0x00000000bae00000, 0x00000000bc300000, 0x00000000c0000000)
  object space 21504K, 28% used [0x00000000bae00000,0x00000000bb403038,0x00000000bc300000)
}
Event: 72.554 GC heap before
{Heap before GC invocations=18 (full 3):
 PSYoungGen      total 265216K, used 234911K [0x00000000eaa80000, 0x00000000fe680000, 0x0000000100000000)
  eden space 209408K, 100% used [0x00000000eaa80000,0x00000000f7700000,0x00000000f7700000)
  from space 55808K, 45% used [0x00000000fad80000,0x00000000fc667f90,0x00000000fe400000)
  to   space 55808K, 0% used [0x00000000f7700000,0x00000000f7700000,0x00000000fad80000)
 ParOldGen       total 212992K, used 126945K [0x00000000c0000000, 0x00000000cd000000, 0x00000000eaa80000)
  object space 212992K, 59% used [0x00000000c0000000,0x00000000c7bf8758,0x00000000cd000000)
 PSPermGen       total 21504K, used 6173K [0x00000000bae00000, 0x00000000bc300000, 0x00000000c0000000)
  object space 21504K, 28% used [0x00000000bae00000,0x00000000bb407698,0x00000000bc300000)
Event: 73.963 GC heap after
Heap after GC invocations=18 (full 3):
 PSYoungGen      total 265216K, used 55805K [0x00000000eaa80000, 0x00000000fe680000, 0x0000000100000000)
  eden space 209408K, 0% used [0x00000000eaa80000,0x00000000eaa80000,0x00000000f7700000)
  from space 55808K, 99% used [0x00000000f7700000,0x00000000fad7f5b0,0x00000000fad80000)
  to   space 55808K, 0% used [0x00000000fad80000,0x00000000fad80000,0x00000000fe400000)
 ParOldGen       total 212992K, used 127604K [0x00000000c0000000, 0x00000000cd000000, 0x00000000eaa80000)
  object space 212992K, 59% used [0x00000000c0000000,0x00000000c7c9d008,0x00000000cd000000)
 PSPermGen       total 21504K, used 6173K [0x00000000bae00000, 0x00000000bc300000, 0x00000000c0000000)
  object space 21504K, 28% used [0x00000000bae00000,0x00000000bb407698,0x00000000bc300000)
}

