# JRE version: Java(TM) SE Runtime Environment (7.0_45-b18) (build 1.7.0_45-b18)
# Java VM: Java HotSpot(TM) 64-Bit Server VM (24.45-b08 mixed mode windows-amd64 compressed oops)
Heap
 PSYoungGen      total 240640K, used 187392K [0x00000000eaa80000, 0x0000000100000000, 0x0000000100000000)
  eden space 187392K, 100% used [0x00000000eaa80000,0x00000000f6180000,0x00000000f6180000)
  from space 53248K, 0% used [0x00000000f6180000,0x00000000f6180000,0x00000000f9580000)
  to   space 69120K, 0% used [0x00000000fbc80000,0x00000000fbc80000,0x0000000100000000)
 ParOldGen       total 127488K, used 127266K [0x00000000c0000000, 0x00000000c7c80000, 0x00000000eaa80000)
  object space 127488K, 99% used [0x00000000c0000000,0x00000000c7c48b98,0x00000000c7c80000)
 PSPermGen       total 21504K, used 6200K [0x00000000bae00000, 0x00000000bc300000, 0x00000000c0000000)
  object space 21504K, 28% used [0x00000000bae00000,0x00000000bb40e108,0x00000000bc300000)
GC Heap History (10 events):
Event: 151.456 GC heap after
Heap after GC invocations=27 (full 12):
 PSYoungGen      total 240640K, used 150458K [0x00000000eaa80000, 0x0000000100000000, 0x0000000100000000)
  eden space 187392K, 80% used [0x00000000eaa80000,0x00000000f3d6eb58,0x00000000f6180000)
  from space 53248K, 0% used [0x00000000f6180000,0x00000000f6180000,0x00000000f9580000)
  to   space 69120K, 0% used [0x00000000fbc80000,0x00000000fbc80000,0x0000000100000000)
 ParOldGen       total 127488K, used 127394K [0x00000000c0000000, 0x00000000c7c80000, 0x00000000eaa80000)
  object space 127488K, 99% used [0x00000000c0000000,0x00000000c7c68ba8,0x00000000c7c80000)
 PSPermGen       total 21504K, used 6196K [0x00000000bae00000, 0x00000000bc300000, 0x00000000c0000000)
  object space 21504K, 28% used [0x00000000bae00000,0x00000000bb40d150,0x00000000bc300000)
}
Event: 151.788 GC heap before
{Heap before GC invocations=28 (full 13):
 PSYoungGen      total 240640K, used 187392K [0x00000000eaa80000, 0x0000000100000000, 0x0000000100000000)
  eden space 187392K, 100% used [0x00000000eaa80000,0x00000000f6180000,0x00000000f6180000)
  from space 53248K, 0% used [0x00000000f6180000,0x00000000f6180000,0x00000000f9580000)
  to   space 69120K, 0% used [0x00000000fbc80000,0x00000000fbc80000,0x0000000100000000)
 ParOldGen       total 127488K, used 127394K [0x00000000c0000000, 0x00000000c7c80000, 0x00000000eaa80000)
  object space 127488K, 99% used [0x00000000c0000000,0x00000000c7c68ba8,0x00000000c7c80000)
 PSPermGen       total 21504K, used 6197K [0x00000000bae00000, 0x00000000bc300000, 0x00000000c0000000)
  object space 21504K, 28% used [0x00000000bae00000,0x00000000bb40d4d0,0x00000000bc300000)
Event: 156.343 GC heap after
Heap after GC invocations=28 (full 13):
 PSYoungGen      total 240640K, used 155548K [0x00000000eaa80000, 0x0000000100000000, 0x0000000100000000)
  eden space 187392K, 83% used [0x00000000eaa80000,0x00000000f4267018,0x00000000f6180000)
  from space 53248K, 0% used [0x00000000f6180000,0x00000000f6180000,0x00000000f9580000)
  to   space 69120K, 0% used [0x00000000fbc80000,0x00000000fbc80000,0x0000000100000000)
 ParOldGen       total 127488K, used 127394K [0x00000000c0000000, 0x00000000c7c80000, 0x00000000eaa80000)
  object space 127488K, 99% used [0x00000000c0000000,0x00000000c7c68ba8,0x00000000c7c80000)
 PSPermGen       total 21504K, used 6197K [0x00000000bae00000, 0x00000000bc300000, 0x00000000c0000000)
  object space 21504K, 28% used [0x00000000bae00000,0x00000000bb40d4d0,0x00000000bc300000)
}
Event: 156.587 GC heap before
{Heap before GC invocations=29 (full 14):
 PSYoungGen      total 240640K, used 187392K [0x00000000eaa80000, 0x0000000100000000, 0x0000000100000000)
  eden space 187392K, 100% used [0x00000000eaa80000,0x00000000f6180000,0x00000000f6180000)
  from space 53248K, 0% used [0x00000000f6180000,0x00000000f6180000,0x00000000f9580000)
  to   space 69120K, 0% used [0x00000000fbc80000,0x00000000fbc80000,0x0000000100000000)
 ParOldGen       total 127488K, used 127394K [0x00000000c0000000, 0x00000000c7c80000, 0x00000000eaa80000)
  object space 127488K, 99% used [0x00000000c0000000,0x00000000c7c68ba8,0x00000000c7c80000)
 PSPermGen       total 21504K, used 6197K [0x00000000bae00000, 0x00000000bc300000, 0x00000000c0000000)
  object space 21504K, 28% used [0x00000000bae00000,0x00000000bb40d4d0,0x00000000bc300000)
Event: 163.408 GC heap after
Heap after GC invocations=29 (full 14):
 PSYoungGen      total 240640K, used 159447K [0x00000000eaa80000, 0x0000000100000000, 0x0000000100000000)
  eden space 187392K, 85% used [0x00000000eaa80000,0x00000000f4635c00,0x00000000f6180000)
  from space 53248K, 0% used [0x00000000f6180000,0x00000000f6180000,0x00000000f9580000)
  to   space 69120K, 0% used [0x00000000fbc80000,0x00000000fbc80000,0x0000000100000000)
 ParOldGen       total 127488K, used 127394K [0x00000000c0000000, 0x00000000c7c80000, 0x00000000eaa80000)
  object space 127488K, 99% used [0x00000000c0000000,0x00000000c7c68ba8,0x00000000c7c80000)
 PSPermGen       total 21504K, used 6197K [0x00000000bae00000, 0x00000000bc300000, 0x00000000c0000000)
  object space 21504K, 28% used [0x00000000bae00000,0x00000000bb40d4d0,0x00000000bc300000)
}
Event: 163.652 GC heap before
{Heap before GC invocations=30 (full 15):
 PSYoungGen      total 240640K, used 187392K [0x00000000eaa80000, 0x0000000100000000, 0x0000000100000000)
  eden space 187392K, 100% used [0x00000000eaa80000,0x00000000f6180000,0x00000000f6180000)
  from space 53248K, 0% used [0x00000000f6180000,0x00000000f6180000,0x00000000f9580000)
  to   space 69120K, 0% used [0x00000000fbc80000,0x00000000fbc80000,0x0000000100000000)
 ParOldGen       total 127488K, used 127394K [0x00000000c0000000, 0x00000000c7c80000, 0x00000000eaa80000)
  object space 127488K, 99% used [0x00000000c0000000,0x00000000c7c68ba8,0x00000000c7c80000)
 PSPermGen       total 21504K, used 6198K [0x00000000bae00000, 0x00000000bc300000, 0x00000000c0000000)
  object space 21504K, 28% used [0x00000000bae00000,0x00000000bb40d998,0x00000000bc300000)
Event: 168.466 GC heap after
Heap after GC invocations=30 (full 15):
 PSYoungGen      total 240640K, used 163557K [0x00000000eaa80000, 0x0000000100000000, 0x0000000100000000)
  eden space 187392K, 87% used [0x00000000eaa80000,0x00000000f4a39720,0x00000000f6180000)
  from space 53248K, 0% used [0x00000000f6180000,0x00000000f6180000,0x00000000f9580000)
  to   space 69120K, 0% used [0x00000000fbc80000,0x00000000fbc80000,0x0000000100000000)
 ParOldGen       total 127488K, used 127266K [0x00000000c0000000, 0x00000000c7c80000, 0x00000000eaa80000)
  object space 127488K, 99% used [0x00000000c0000000,0x00000000c7c48b98,0x00000000c7c80000)
 PSPermGen       total 21504K, used 6198K [0x00000000bae00000, 0x00000000bc300000, 0x00000000c0000000)
  object space 21504K, 28% used [0x00000000bae00000,0x00000000bb40d998,0x00000000bc300000)
}
Event: 168.778 GC heap before
{Heap before GC invocations=31 (full 16):
 PSYoungGen      total 240640K, used 187392K [0x00000000eaa80000, 0x0000000100000000, 0x0000000100000000)
  eden space 187392K, 100% used [0x00000000eaa80000,0x00000000f6180000,0x00000000f6180000)
  from space 53248K, 0% used [0x00000000f6180000,0x00000000f6180000,0x00000000f9580000)
  to   space 69120K, 0% used [0x00000000fbc80000,0x00000000fbc80000,0x0000000100000000)
 ParOldGen       total 127488K, used 127266K [0x00000000c0000000, 0x00000000c7c80000, 0x00000000eaa80000)
  object space 127488K, 99% used [0x00000000c0000000,0x00000000c7c48b98,0x00000000c7c80000)
 PSPermGen       total 21504K, used 6199K [0x00000000bae00000, 0x00000000bc300000, 0x00000000c0000000)
  object space 21504K, 28% used [0x00000000bae00000,0x00000000bb40dcc0,0x00000000bc300000)
Event: 174.053 GC heap after
Heap after GC invocations=31 (full 16):
 PSYoungGen      total 240640K, used 166457K [0x00000000eaa80000, 0x0000000100000000, 0x0000000100000000)
  eden space 187392K, 88% used [0x00000000eaa80000,0x00000000f4d0e738,0x00000000f6180000)
  from space 53248K, 0% used [0x00000000f6180000,0x00000000f6180000,0x00000000f9580000)
  to   space 69120K, 0% used [0x00000000fbc80000,0x00000000fbc80000,0x0000000100000000)
 ParOldGen       total 127488K, used 127266K [0x00000000c0000000, 0x00000000c7c80000, 0x00000000eaa80000)
  object space 127488K, 99% used [0x00000000c0000000,0x00000000c7c48b98,0x00000000c7c80000)
 PSPermGen       total 21504K, used 6199K [0x00000000bae00000, 0x00000000bc300000, 0x00000000c0000000)
  object space 21504K, 28% used [0x00000000bae00000,0x00000000bb40dcc0,0x00000000bc300000)
}
Event: 174.819 GC heap before
{Heap before GC invocations=32 (full 17):
 PSYoungGen      total 240640K, used 187392K [0x00000000eaa80000, 0x0000000100000000, 0x0000000100000000)
  eden space 187392K, 100% used [0x00000000eaa80000,0x00000000f6180000,0x00000000f6180000)
  from space 53248K, 0% used [0x00000000f6180000,0x00000000f6180000,0x00000000f9580000)
  to   space 69120K, 0% used [0x00000000fbc80000,0x00000000fbc80000,0x0000000100000000)
 ParOldGen       total 127488K, used 127266K [0x00000000c0000000, 0x00000000c7c80000, 0x00000000eaa80000)
  object space 127488K, 99% used [0x00000000c0000000,0x00000000c7c48b98,0x00000000c7c80000)
 PSPermGen       total 21504K, used 6200K [0x00000000bae00000, 0x00000000bc300000, 0x00000000c0000000)
  object space 21504K, 28% used [0x00000000bae00000,0x00000000bb40e108,0x00000000bc300000)

