# JRE version: Java(TM) SE Runtime Environment (7.0_45-b18) (build 1.7.0_45-b18)
# Java VM: Java HotSpot(TM) 64-Bit Server VM (24.45-b08 mixed mode windows-amd64 compressed oops)
Heap
 PSYoungGen      total 219648K, used 215940K [0x00000000eaa80000, 0x00000000ffe80000, 0x0000000100000000)
  eden space 198656K, 100% used [0x00000000eaa80000,0x00000000f6c80000,0x00000000f6c80000)
  from space 20992K, 82% used [0x00000000fa000000,0x00000000fb0e12e8,0x00000000fb480000)
  to   space 52736K, 25% used [0x00000000f6c80000,0x00000000f7968010,0x00000000fa000000)
 ParOldGen       total 154624K, used 86556K [0x00000000c0000000, 0x00000000c9700000, 0x00000000eaa80000)
  object space 154624K, 55% used [0x00000000c0000000,0x00000000c5487158,0x00000000c9700000)
 PSPermGen       total 21504K, used 6144K [0x00000000bae00000, 0x00000000bc300000, 0x00000000c0000000)
  object space 21504K, 28% used [0x00000000bae00000,0x00000000bb4002d8,0x00000000bc300000)
GC Heap History (10 events):
Event: 32.296 GC heap after
Heap after GC invocations=8 (full 1):
 PSYoungGen      total 131584K, used 6090K [0x00000000eaa80000, 0x00000000fbe80000, 0x0000000100000000)
  eden space 116224K, 0% used [0x00000000eaa80000,0x00000000eaa80000,0x00000000f1c00000)
  from space 15360K, 39% used [0x00000000f1c00000,0x00000000f21f2b20,0x00000000f2b00000)
  to   space 25088K, 0% used [0x00000000fa600000,0x00000000fa600000,0x00000000fbe80000)
 ParOldGen       total 76800K, used 36980K [0x00000000c0000000, 0x00000000c4b00000, 0x00000000eaa80000)
  object space 76800K, 48% used [0x00000000c0000000,0x00000000c241d300,0x00000000c4b00000)
 PSPermGen       total 21504K, used 6025K [0x00000000bae00000, 0x00000000bc300000, 0x00000000c0000000)
  object space 21504K, 28% used [0x00000000bae00000,0x00000000bb3e2790,0x00000000bc300000)
}
Event: 35.584 GC heap before
{Heap before GC invocations=9 (full 1):
 PSYoungGen      total 131584K, used 122314K [0x00000000eaa80000, 0x00000000fbe80000, 0x0000000100000000)
  eden space 116224K, 100% used [0x00000000eaa80000,0x00000000f1c00000,0x00000000f1c00000)
  from space 15360K, 39% used [0x00000000f1c00000,0x00000000f21f2b20,0x00000000f2b00000)
  to   space 25088K, 0% used [0x00000000fa600000,0x00000000fa600000,0x00000000fbe80000)
 ParOldGen       total 76800K, used 36980K [0x00000000c0000000, 0x00000000c4b00000, 0x00000000eaa80000)
  object space 76800K, 48% used [0x00000000c0000000,0x00000000c241d300,0x00000000c4b00000)
 PSPermGen       total 21504K, used 6074K [0x00000000bae00000, 0x00000000bc300000, 0x00000000c0000000)
  object space 21504K, 28% used [0x00000000bae00000,0x00000000bb3eeb88,0x00000000bc300000)
Event: 36.002 GC heap after
Heap after GC invocations=9 (full 1):
 PSYoungGen      total 177152K, used 23326K [0x00000000eaa80000, 0x00000000fbd00000, 0x0000000100000000)
  eden space 153600K, 0% used [0x00000000eaa80000,0x00000000eaa80000,0x00000000f4080000)
  from space 23552K, 99% used [0x00000000fa600000,0x00000000fbcc7bf0,0x00000000fbd00000)
  to   space 29696K, 0% used [0x00000000f8300000,0x00000000f8300000,0x00000000fa000000)
 ParOldGen       total 76800K, used 36980K [0x00000000c0000000, 0x00000000c4b00000, 0x00000000eaa80000)
  object space 76800K, 48% used [0x00000000c0000000,0x00000000c241d300,0x00000000c4b00000)
 PSPermGen       total 21504K, used 6074K [0x00000000bae00000, 0x00000000bc300000, 0x00000000c0000000)
  object space 21504K, 28% used [0x00000000bae00000,0x00000000bb3eeb88,0x00000000bc300000)
}
Event: 39.787 GC heap before
{Heap before GC invocations=10 (full 1):
 PSYoungGen      total 177152K, used 176926K [0x00000000eaa80000, 0x00000000fbd00000, 0x0000000100000000)
  eden space 153600K, 100% used [0x00000000eaa80000,0x00000000f4080000,0x00000000f4080000)
  from space 23552K, 99% used [0x00000000fa600000,0x00000000fbcc7bf0,0x00000000fbd00000)
  to   space 29696K, 0% used [0x00000000f8300000,0x00000000f8300000,0x00000000fa000000)
 ParOldGen       total 76800K, used 36980K [0x00000000c0000000, 0x00000000c4b00000, 0x00000000eaa80000)
  object space 76800K, 48% used [0x00000000c0000000,0x00000000c241d300,0x00000000c4b00000)
 PSPermGen       total 21504K, used 6097K [0x00000000bae00000, 0x00000000bc300000, 0x00000000c0000000)
  object space 21504K, 28% used [0x00000000bae00000,0x00000000bb3f45b0,0x00000000bc300000)
Event: 40.332 GC heap after
Heap after GC invocations=10 (full 1):
 PSYoungGen      total 220160K, used 29665K [0x00000000eaa80000, 0x00000000fb480000, 0x0000000100000000)
  eden space 190464K, 0% used [0x00000000eaa80000,0x00000000eaa80000,0x00000000f6480000)
  from space 29696K, 99% used [0x00000000f8300000,0x00000000f9ff8600,0x00000000fa000000)
  to   space 20992K, 0% used [0x00000000fa000000,0x00000000fa000000,0x00000000fb480000)
 ParOldGen       total 76800K, used 51804K [0x00000000c0000000, 0x00000000c4b00000, 0x00000000eaa80000)
  object space 76800K, 67% used [0x00000000c0000000,0x00000000c3297368,0x00000000c4b00000)
 PSPermGen       total 21504K, used 6097K [0x00000000bae00000, 0x00000000bc300000, 0x00000000c0000000)
  object space 21504K, 28% used [0x00000000bae00000,0x00000000bb3f45b0,0x00000000bc300000)
}
Event: 45.429 GC heap before
{Heap before GC invocations=11 (full 1):
 PSYoungGen      total 220160K, used 220129K [0x00000000eaa80000, 0x00000000fb480000, 0x0000000100000000)
  eden space 190464K, 100% used [0x00000000eaa80000,0x00000000f6480000,0x00000000f6480000)
  from space 29696K, 99% used [0x00000000f8300000,0x00000000f9ff8600,0x00000000fa000000)
  to   space 20992K, 0% used [0x00000000fa000000,0x00000000fa000000,0x00000000fb480000)
 ParOldGen       total 76800K, used 51804K [0x00000000c0000000, 0x00000000c4b00000, 0x00000000eaa80000)
  object space 76800K, 67% used [0x00000000c0000000,0x00000000c3297368,0x00000000c4b00000)
 PSPermGen       total 21504K, used 6122K [0x00000000bae00000, 0x00000000bc300000, 0x00000000c0000000)
  object space 21504K, 28% used [0x00000000bae00000,0x00000000bb3fa890,0x00000000bc300000)
Event: 46.239 GC heap after
Heap after GC invocations=11 (full 1):
 PSYoungGen      total 219648K, used 20973K [0x00000000eaa80000, 0x00000000ffe80000, 0x0000000100000000)
  eden space 198656K, 0% used [0x00000000eaa80000,0x00000000eaa80000,0x00000000f6c80000)
  from space 20992K, 99% used [0x00000000fa000000,0x00000000fb47b5f0,0x00000000fb480000)
  to   space 52736K, 0% used [0x00000000f6c80000,0x00000000f6c80000,0x00000000fa000000)
 ParOldGen       total 84992K, used 84767K [0x00000000c0000000, 0x00000000c5300000, 0x00000000eaa80000)
  object space 84992K, 99% used [0x00000000c0000000,0x00000000c52c7e58,0x00000000c5300000)
 PSPermGen       total 21504K, used 6122K [0x00000000bae00000, 0x00000000bc300000, 0x00000000c0000000)
  object space 21504K, 28% used [0x00000000bae00000,0x00000000bb3fa890,0x00000000bc300000)
}
Event: 46.239 GC heap before
{Heap before GC invocations=12 (full 2):
 PSYoungGen      total 219648K, used 20973K [0x00000000eaa80000, 0x00000000ffe80000, 0x0000000100000000)
  eden space 198656K, 0% used [0x00000000eaa80000,0x00000000eaa80000,0x00000000f6c80000)
  from space 20992K, 99% used [0x00000000fa000000,0x00000000fb47b5f0,0x00000000fb480000)
  to   space 52736K, 0% used [0x00000000f6c80000,0x00000000f6c80000,0x00000000fa000000)
 ParOldGen       total 84992K, used 84767K [0x00000000c0000000, 0x00000000c5300000, 0x00000000eaa80000)
  object space 84992K, 99% used [0x00000000c0000000,0x00000000c52c7e58,0x00000000c5300000)
 PSPermGen       total 21504K, used 6122K [0x00000000bae00000, 0x00000000bc300000, 0x00000000c0000000)
  object space 21504K, 28% used [0x00000000bae00000,0x00000000bb3fa890,0x00000000bc300000)
Event: 51.269 GC heap after
Heap after GC invocations=12 (full 2):
 PSYoungGen      total 219648K, used 17284K [0x00000000eaa80000, 0x00000000ffe80000, 0x0000000100000000)
  eden space 198656K, 0% used [0x00000000eaa80000,0x00000000eaa80000,0x00000000f6c80000)
  from space 20992K, 82% used [0x00000000fa000000,0x00000000fb0e12e8,0x00000000fb480000)
  to   space 52736K, 0% used [0x00000000f6c80000,0x00000000f6c80000,0x00000000fa000000)
 ParOldGen       total 154624K, used 84888K [0x00000000c0000000, 0x00000000c9700000, 0x00000000eaa80000)
  object space 154624K, 54% used [0x00000000c0000000,0x00000000c52e60a8,0x00000000c9700000)
 PSPermGen       total 21504K, used 6121K [0x00000000bae00000, 0x00000000bc300000, 0x00000000c0000000)
  object space 21504K, 28% used [0x00000000bae00000,0x00000000bb3fa4f0,0x00000000bc300000)
}
Event: 56.020 GC heap before
{Heap before GC invocations=13 (full 2):
 PSYoungGen      total 219648K, used 215940K [0x00000000eaa80000, 0x00000000ffe80000, 0x0000000100000000)
  eden space 198656K, 100% used [0x00000000eaa80000,0x00000000f6c80000,0x00000000f6c80000)
  from space 20992K, 82% used [0x00000000fa000000,0x00000000fb0e12e8,0x00000000fb480000)
  to   space 52736K, 0% used [0x00000000f6c80000,0x00000000f6c80000,0x00000000fa000000)
 ParOldGen       total 154624K, used 84888K [0x00000000c0000000, 0x00000000c9700000, 0x00000000eaa80000)
  object space 154624K, 54% used [0x00000000c0000000,0x00000000c52e60a8,0x00000000c9700000)
 PSPermGen       total 21504K, used 6144K [0x00000000bae00000, 0x00000000bc300000, 0x00000000c0000000)
  object space 21504K, 28% used [0x00000000bae00000,0x00000000bb4002d8,0x00000000bc300000)

