# JRE version: Java(TM) SE Runtime Environment (7.0_45-b18) (build 1.7.0_45-b18)
# Java VM: Java HotSpot(TM) 64-Bit Server VM (24.45-b08 mixed mode windows-amd64 compressed oops)
Heap
 PSYoungGen      total 220160K, used 60827K [0x00000000eaa80000, 0x0000000100000000, 0x0000000100000000)
  eden space 162304K, 4% used [0x00000000eaa80000,0x00000000eb0ea398,0x00000000f4900000)
  from space 57856K, 93% used [0x00000000f4900000,0x00000000f7dfc9f8,0x00000000f8180000)
  to   space 96256K, 0% used [0x00000000fa200000,0x00000000fa200000,0x0000000100000000)
 ParOldGen       total 360960K, used 231616K [0x00000000c0000000, 0x00000000d6080000, 0x00000000eaa80000)
  object space 360960K, 64% used [0x00000000c0000000,0x00000000ce2303d0,0x00000000d6080000)
 PSPermGen       total 21504K, used 6203K [0x00000000bae00000, 0x00000000bc300000, 0x00000000c0000000)
  object space 21504K, 28% used [0x00000000bae00000,0x00000000bb40ed58,0x00000000bc300000)
GC Heap History (10 events):
Event: 60.650 GC heap before
{Heap before GC invocations=19 (full 3):
 PSYoungGen      total 245760K, used 239034K [0x00000000eaa80000, 0x00000000ffd80000, 0x0000000100000000)
  eden space 192512K, 100% used [0x00000000eaa80000,0x00000000f6680000,0x00000000f6680000)
  from space 53248K, 87% used [0x00000000f6680000,0x00000000f93ee8c8,0x00000000f9a80000)
  to   space 59392K, 0% used [0x00000000fc380000,0x00000000fc380000,0x00000000ffd80000)
 ParOldGen       total 220672K, used 131484K [0x00000000c0000000, 0x00000000cd780000, 0x00000000eaa80000)
  object space 220672K, 59% used [0x00000000c0000000,0x00000000c8067070,0x00000000cd780000)
 PSPermGen       total 21504K, used 6186K [0x00000000bae00000, 0x00000000bc300000, 0x00000000c0000000)
  object space 21504K, 28% used [0x00000000bae00000,0x00000000bb40ab50,0x00000000bc300000)
Event: 61.372 GC heap after
Heap after GC invocations=19 (full 3):
 PSYoungGen      total 259584K, used 59364K [0x00000000eaa80000, 0x0000000100000000, 0x0000000100000000)
  eden space 200192K, 0% used [0x00000000eaa80000,0x00000000eaa80000,0x00000000f6e00000)
  from space 59392K, 99% used [0x00000000fc380000,0x00000000ffd79328,0x00000000ffd80000)
  to   space 74752K, 0% used [0x00000000f6e00000,0x00000000f6e00000,0x00000000fb700000)
 ParOldGen       total 220672K, used 146172K [0x00000000c0000000, 0x00000000cd780000, 0x00000000eaa80000)
  object space 220672K, 66% used [0x00000000c0000000,0x00000000c8ebf108,0x00000000cd780000)
 PSPermGen       total 21504K, used 6186K [0x00000000bae00000, 0x00000000bc300000, 0x00000000c0000000)
  object space 21504K, 28% used [0x00000000bae00000,0x00000000bb40ab50,0x00000000bc300000)
}
Event: 64.053 GC heap before
{Heap before GC invocations=20 (full 3):
 PSYoungGen      total 259584K, used 259556K [0x00000000eaa80000, 0x0000000100000000, 0x0000000100000000)
  eden space 200192K, 100% used [0x00000000eaa80000,0x00000000f6e00000,0x00000000f6e00000)
  from space 59392K, 99% used [0x00000000fc380000,0x00000000ffd79328,0x00000000ffd80000)
  to   space 74752K, 0% used [0x00000000f6e00000,0x00000000f6e00000,0x00000000fb700000)
 ParOldGen       total 220672K, used 146172K [0x00000000c0000000, 0x00000000cd780000, 0x00000000eaa80000)
  object space 220672K, 66% used [0x00000000c0000000,0x00000000c8ebf108,0x00000000cd780000)
 PSPermGen       total 21504K, used 6196K [0x00000000bae00000, 0x00000000bc300000, 0x00000000c0000000)
  object space 21504K, 28% used [0x00000000bae00000,0x00000000bb40d1f8,0x00000000bc300000)
Event: 64.687 GC heap after
Heap after GC invocations=20 (full 3):
 PSYoungGen      total 253952K, used 53415K [0x00000000eaa80000, 0x0000000100000000, 0x0000000100000000)
  eden space 200192K, 0% used [0x00000000eaa80000,0x00000000eaa80000,0x00000000f6e00000)
  from space 53760K, 99% used [0x00000000f6e00000,0x00000000fa229dc0,0x00000000fa280000)
  to   space 79872K, 0% used [0x00000000fb200000,0x00000000fb200000,0x0000000100000000)
 ParOldGen       total 220672K, used 179917K [0x00000000c0000000, 0x00000000cd780000, 0x00000000eaa80000)
  object space 220672K, 81% used [0x00000000c0000000,0x00000000cafb3488,0x00000000cd780000)
 PSPermGen       total 21504K, used 6196K [0x00000000bae00000, 0x00000000bc300000, 0x00000000c0000000)
  object space 21504K, 28% used [0x00000000bae00000,0x00000000bb40d1f8,0x00000000bc300000)
}
Event: 66.946 GC heap before
{Heap before GC invocations=21 (full 3):
 PSYoungGen      total 253952K, used 253607K [0x00000000eaa80000, 0x0000000100000000, 0x0000000100000000)
  eden space 200192K, 100% used [0x00000000eaa80000,0x00000000f6e00000,0x00000000f6e00000)
  from space 53760K, 99% used [0x00000000f6e00000,0x00000000fa229dc0,0x00000000fa280000)
  to   space 79872K, 0% used [0x00000000fb200000,0x00000000fb200000,0x0000000100000000)
 ParOldGen       total 220672K, used 179917K [0x00000000c0000000, 0x00000000cd780000, 0x00000000eaa80000)
  object space 220672K, 81% used [0x00000000c0000000,0x00000000cafb3488,0x00000000cd780000)
 PSPermGen       total 21504K, used 6200K [0x00000000bae00000, 0x00000000bc300000, 0x00000000c0000000)
  object space 21504K, 28% used [0x00000000bae00000,0x00000000bb40e0f8,0x00000000bc300000)
Event: 67.630 GC heap after
Heap after GC invocations=21 (full 3):
 PSYoungGen      total 242176K, used 79865K [0x00000000eaa80000, 0x0000000100000000, 0x0000000100000000)
  eden space 162304K, 0% used [0x00000000eaa80000,0x00000000eaa80000,0x00000000f4900000)
  from space 79872K, 99% used [0x00000000fb200000,0x00000000ffffe688,0x0000000100000000)
  to   space 93696K, 0% used [0x00000000f4900000,0x00000000f4900000,0x00000000fa480000)
 ParOldGen       total 220672K, used 181540K [0x00000000c0000000, 0x00000000cd780000, 0x00000000eaa80000)
  object space 220672K, 82% used [0x00000000c0000000,0x00000000cb1493c8,0x00000000cd780000)
 PSPermGen       total 21504K, used 6200K [0x00000000bae00000, 0x00000000bc300000, 0x00000000c0000000)
  object space 21504K, 28% used [0x00000000bae00000,0x00000000bb40e0f8,0x00000000bc300000)
}
Event: 70.210 GC heap before
{Heap before GC invocations=22 (full 3):
 PSYoungGen      total 242176K, used 242169K [0x00000000eaa80000, 0x0000000100000000, 0x0000000100000000)
  eden space 162304K, 100% used [0x00000000eaa80000,0x00000000f4900000,0x00000000f4900000)
  from space 79872K, 99% used [0x00000000fb200000,0x00000000ffffe688,0x0000000100000000)
  to   space 93696K, 0% used [0x00000000f4900000,0x00000000f4900000,0x00000000fa480000)
 ParOldGen       total 220672K, used 181540K [0x00000000c0000000, 0x00000000cd780000, 0x00000000eaa80000)
  object space 220672K, 82% used [0x00000000c0000000,0x00000000cb1493c8,0x00000000cd780000)
 PSPermGen       total 21504K, used 6202K [0x00000000bae00000, 0x00000000bc300000, 0x00000000c0000000)
  object space 21504K, 28% used [0x00000000bae00000,0x00000000bb40ea38,0x00000000bc300000)
Event: 71.171 GC heap after
Heap after GC invocations=22 (full 3):
 PSYoungGen      total 220160K, used 57661K [0x00000000eaa80000, 0x0000000100000000, 0x0000000100000000)
  eden space 162304K, 0% used [0x00000000eaa80000,0x00000000eaa80000,0x00000000f4900000)
  from space 57856K, 99% used [0x00000000f4900000,0x00000000f814f650,0x00000000f8180000)
  to   space 96256K, 0% used [0x00000000fa200000,0x00000000fa200000,0x0000000100000000)
 ParOldGen       total 231936K, used 231792K [0x00000000c0000000, 0x00000000ce280000, 0x00000000eaa80000)
  object space 231936K, 99% used [0x00000000c0000000,0x00000000ce25c318,0x00000000ce280000)
 PSPermGen       total 21504K, used 6202K [0x00000000bae00000, 0x00000000bc300000, 0x00000000c0000000)
  object space 21504K, 28% used [0x00000000bae00000,0x00000000bb40ea38,0x00000000bc300000)
}
Event: 71.171 GC heap before
{Heap before GC invocations=23 (full 4):
 PSYoungGen      total 220160K, used 57661K [0x00000000eaa80000, 0x0000000100000000, 0x0000000100000000)
  eden space 162304K, 0% used [0x00000000eaa80000,0x00000000eaa80000,0x00000000f4900000)
  from space 57856K, 99% used [0x00000000f4900000,0x00000000f814f650,0x00000000f8180000)
  to   space 96256K, 0% used [0x00000000fa200000,0x00000000fa200000,0x0000000100000000)
 ParOldGen       total 231936K, used 231792K [0x00000000c0000000, 0x00000000ce280000, 0x00000000eaa80000)
  object space 231936K, 99% used [0x00000000c0000000,0x00000000ce25c318,0x00000000ce280000)
 PSPermGen       total 21504K, used 6202K [0x00000000bae00000, 0x00000000bc300000, 0x00000000c0000000)
  object space 21504K, 28% used [0x00000000bae00000,0x00000000bb40ea38,0x00000000bc300000)
Event: 87.285 GC heap after
Heap after GC invocations=23 (full 4):
 PSYoungGen      total 220160K, used 54258K [0x00000000eaa80000, 0x0000000100000000, 0x0000000100000000)
  eden space 162304K, 0% used [0x00000000eaa80000,0x00000000eaa80000,0x00000000f4900000)
  from space 57856K, 93% used [0x00000000f4900000,0x00000000f7dfc9f8,0x00000000f8180000)
  to   space 96256K, 0% used [0x00000000fa200000,0x00000000fa200000,0x0000000100000000)
 ParOldGen       total 360960K, used 231616K [0x00000000c0000000, 0x00000000d6080000, 0x00000000eaa80000)
  object space 360960K, 64% used [0x00000000c0000000,0x00000000ce2303d0,0x00000000d6080000)
 PSPermGen       total 21504K, used 6202K [0x00000000bae00000, 0x00000000bc300000, 0x00000000c0000000)
  object space 21504K, 28% used [0x00000000bae00000,0x00000000bb40e958,0x00000000bc300000)
}

