# JRE version: Java(TM) SE Runtime Environment (7.0_45-b18) (build 1.7.0_45-b18)
# Java VM: Java HotSpot(TM) 64-Bit Server VM (24.45-b08 mixed mode windows-amd64 compressed oops)
Heap
 PSYoungGen      total 74752K, used 27737K [0x00000000eaa80000, 0x00000000f0b00000, 0x0000000100000000)
  eden space 59904K, 22% used [0x00000000eaa80000,0x00000000eb7a9868,0x00000000ee500000)
  from space 14848K, 96% used [0x00000000ef600000,0x00000000f03ecbe0,0x00000000f0480000)
  to   space 17408K, 0% used [0x00000000ee500000,0x00000000ee500000,0x00000000ef600000)
 ParOldGen       total 68096K, used 30972K [0x00000000c0000000, 0x00000000c4280000, 0x00000000eaa80000)
  object space 68096K, 45% used [0x00000000c0000000,0x00000000c1e3f380,0x00000000c4280000)
 PSPermGen       total 21504K, used 6039K [0x00000000bae00000, 0x00000000bc300000, 0x00000000c0000000)
  object space 21504K, 28% used [0x00000000bae00000,0x00000000bb3e5db8,0x00000000bc300000)
GC Heap History (10 events):
Event: 25.189 GC heap before
{Heap before GC invocations=5 (full 0):
 PSYoungGen      total 61440K, used 61417K [0x00000000eaa80000, 0x00000000ee880000, 0x0000000100000000)
  eden space 59392K, 100% used [0x00000000eaa80000,0x00000000ee480000,0x00000000ee480000)
  from space 2048K, 98% used [0x00000000ee680000,0x00000000ee87a538,0x00000000ee880000)
  to   space 2048K, 0% used [0x00000000ee480000,0x00000000ee480000,0x00000000ee680000)
 ParOldGen       total 37376K, used 13040K [0x00000000c0000000, 0x00000000c2480000, 0x00000000eaa80000)
  object space 37376K, 34% used [0x00000000c0000000,0x00000000c0cbc120,0x00000000c2480000)
 PSPermGen       total 21504K, used 5949K [0x00000000bae00000, 0x00000000bc300000, 0x00000000c0000000)
  object space 21504K, 27% used [0x00000000bae00000,0x00000000bb3cf600,0x00000000bc300000)
Event: 25.335 GC heap after
Heap after GC invocations=5 (full 0):
 PSYoungGen      total 61440K, used 2035K [0x00000000eaa80000, 0x00000000ee880000, 0x0000000100000000)
  eden space 59392K, 0% used [0x00000000eaa80000,0x00000000eaa80000,0x00000000ee480000)
  from space 2048K, 99% used [0x00000000ee480000,0x00000000ee67cde8,0x00000000ee680000)
  to   space 2048K, 0% used [0x00000000ee680000,0x00000000ee680000,0x00000000ee880000)
 ParOldGen       total 37376K, used 22784K [0x00000000c0000000, 0x00000000c2480000, 0x00000000eaa80000)
  object space 37376K, 60% used [0x00000000c0000000,0x00000000c1640378,0x00000000c2480000)
 PSPermGen       total 21504K, used 5949K [0x00000000bae00000, 0x00000000bc300000, 0x00000000c0000000)
  object space 21504K, 27% used [0x00000000bae00000,0x00000000bb3cf600,0x00000000bc300000)
}
Event: 28.661 GC heap before
{Heap before GC invocations=6 (full 0):
 PSYoungGen      total 61440K, used 61427K [0x00000000eaa80000, 0x00000000ee880000, 0x0000000100000000)
  eden space 59392K, 100% used [0x00000000eaa80000,0x00000000ee480000,0x00000000ee480000)
  from space 2048K, 99% used [0x00000000ee480000,0x00000000ee67cde8,0x00000000ee680000)
  to   space 2048K, 0% used [0x00000000ee680000,0x00000000ee680000,0x00000000ee880000)
 ParOldGen       total 37376K, used 22784K [0x00000000c0000000, 0x00000000c2480000, 0x00000000eaa80000)
  object space 37376K, 60% used [0x00000000c0000000,0x00000000c1640378,0x00000000c2480000)
 PSPermGen       total 21504K, used 5992K [0x00000000bae00000, 0x00000000bc300000, 0x00000000c0000000)
  object space 21504K, 27% used [0x00000000bae00000,0x00000000bb3da0a0,0x00000000bc300000)
Event: 28.803 GC heap after
Heap after GC invocations=6 (full 0):
 PSYoungGen      total 47104K, used 2041K [0x00000000eaa80000, 0x00000000f3e80000, 0x0000000100000000)
  eden space 45056K, 0% used [0x00000000eaa80000,0x00000000eaa80000,0x00000000ed680000)
  from space 2048K, 99% used [0x00000000ee680000,0x00000000ee87e548,0x00000000ee880000)
  to   space 16384K, 0% used [0x00000000ed680000,0x00000000ed680000,0x00000000ee680000)
 ParOldGen       total 37376K, used 33338K [0x00000000c0000000, 0x00000000c2480000, 0x00000000eaa80000)
  object space 37376K, 89% used [0x00000000c0000000,0x00000000c208ebb8,0x00000000c2480000)
 PSPermGen       total 21504K, used 5992K [0x00000000bae00000, 0x00000000bc300000, 0x00000000c0000000)
  object space 21504K, 27% used [0x00000000bae00000,0x00000000bb3da0a0,0x00000000bc300000)
}
Event: 28.803 GC heap before
{Heap before GC invocations=7 (full 1):
 PSYoungGen      total 47104K, used 2041K [0x00000000eaa80000, 0x00000000f3e80000, 0x0000000100000000)
  eden space 45056K, 0% used [0x00000000eaa80000,0x00000000eaa80000,0x00000000ed680000)
  from space 2048K, 99% used [0x00000000ee680000,0x00000000ee87e548,0x00000000ee880000)
  to   space 16384K, 0% used [0x00000000ed680000,0x00000000ed680000,0x00000000ee680000)
 ParOldGen       total 37376K, used 33338K [0x00000000c0000000, 0x00000000c2480000, 0x00000000eaa80000)
  object space 37376K, 89% used [0x00000000c0000000,0x00000000c208ebb8,0x00000000c2480000)
 PSPermGen       total 21504K, used 5992K [0x00000000bae00000, 0x00000000bc300000, 0x00000000c0000000)
  object space 21504K, 27% used [0x00000000bae00000,0x00000000bb3da0a0,0x00000000bc300000)
Event: 31.320 GC heap after
Heap after GC invocations=7 (full 1):
 PSYoungGen      total 47104K, used 0K [0x00000000eaa80000, 0x00000000f3e80000, 0x0000000100000000)
  eden space 45056K, 0% used [0x00000000eaa80000,0x00000000eaa80000,0x00000000ed680000)
  from space 2048K, 0% used [0x00000000ee680000,0x00000000ee680000,0x00000000ee880000)
  to   space 16384K, 0% used [0x00000000ed680000,0x00000000ed680000,0x00000000ee680000)
 ParOldGen       total 68096K, used 30972K [0x00000000c0000000, 0x00000000c4280000, 0x00000000eaa80000)
  object space 68096K, 45% used [0x00000000c0000000,0x00000000c1e3f380,0x00000000c4280000)
 PSPermGen       total 21504K, used 5986K [0x00000000bae00000, 0x00000000bc300000, 0x00000000c0000000)
  object space 21504K, 27% used [0x00000000bae00000,0x00000000bb3d8980,0x00000000bc300000)
}
Event: 32.347 GC heap before
{Heap before GC invocations=8 (full 1):
 PSYoungGen      total 47104K, used 45056K [0x00000000eaa80000, 0x00000000f3e80000, 0x0000000100000000)
  eden space 45056K, 100% used [0x00000000eaa80000,0x00000000ed680000,0x00000000ed680000)
  from space 2048K, 0% used [0x00000000ee680000,0x00000000ee680000,0x00000000ee880000)
  to   space 16384K, 0% used [0x00000000ed680000,0x00000000ed680000,0x00000000ee680000)
 ParOldGen       total 68096K, used 30972K [0x00000000c0000000, 0x00000000c4280000, 0x00000000eaa80000)
  object space 68096K, 45% used [0x00000000c0000000,0x00000000c1e3f380,0x00000000c4280000)
 PSPermGen       total 21504K, used 5993K [0x00000000bae00000, 0x00000000bc300000, 0x00000000c0000000)
  object space 21504K, 27% used [0x00000000bae00000,0x00000000bb3da4c0,0x00000000bc300000)
Event: 32.429 GC heap after
Heap after GC invocations=8 (full 1):
 PSYoungGen      total 61440K, used 7525K [0x00000000eaa80000, 0x00000000f0480000, 0x0000000100000000)
  eden space 45056K, 0% used [0x00000000eaa80000,0x00000000eaa80000,0x00000000ed680000)
  from space 16384K, 45% used [0x00000000ed680000,0x00000000eddd97c0,0x00000000ee680000)
  to   space 14848K, 0% used [0x00000000ef600000,0x00000000ef600000,0x00000000f0480000)
 ParOldGen       total 68096K, used 30972K [0x00000000c0000000, 0x00000000c4280000, 0x00000000eaa80000)
  object space 68096K, 45% used [0x00000000c0000000,0x00000000c1e3f380,0x00000000c4280000)
 PSPermGen       total 21504K, used 5993K [0x00000000bae00000, 0x00000000bc300000, 0x00000000c0000000)
  object space 21504K, 27% used [0x00000000bae00000,0x00000000bb3da4c0,0x00000000bc300000)
}
Event: 34.248 GC heap before
{Heap before GC invocations=9 (full 1):
 PSYoungGen      total 61440K, used 52581K [0x00000000eaa80000, 0x00000000f0480000, 0x0000000100000000)
  eden space 45056K, 100% used [0x00000000eaa80000,0x00000000ed680000,0x00000000ed680000)
  from space 16384K, 45% used [0x00000000ed680000,0x00000000eddd97c0,0x00000000ee680000)
  to   space 14848K, 0% used [0x00000000ef600000,0x00000000ef600000,0x00000000f0480000)
 ParOldGen       total 68096K, used 30972K [0x00000000c0000000, 0x00000000c4280000, 0x00000000eaa80000)
  object space 68096K, 45% used [0x00000000c0000000,0x00000000c1e3f380,0x00000000c4280000)
 PSPermGen       total 21504K, used 6019K [0x00000000bae00000, 0x00000000bc300000, 0x00000000c0000000)
  object space 21504K, 27% used [0x00000000bae00000,0x00000000bb3e0f40,0x00000000bc300000)
Event: 34.422 GC heap after
Heap after GC invocations=9 (full 1):
 PSYoungGen      total 74752K, used 14258K [0x00000000eaa80000, 0x00000000f0b00000, 0x0000000100000000)
  eden space 59904K, 0% used [0x00000000eaa80000,0x00000000eaa80000,0x00000000ee500000)
  from space 14848K, 96% used [0x00000000ef600000,0x00000000f03ecbe0,0x00000000f0480000)
  to   space 17408K, 0% used [0x00000000ee500000,0x00000000ee500000,0x00000000ef600000)
 ParOldGen       total 68096K, used 30972K [0x00000000c0000000, 0x00000000c4280000, 0x00000000eaa80000)
  object space 68096K, 45% used [0x00000000c0000000,0x00000000c1e3f380,0x00000000c4280000)
 PSPermGen       total 21504K, used 6019K [0x00000000bae00000, 0x00000000bc300000, 0x00000000c0000000)
  object space 21504K, 27% used [0x00000000bae00000,0x00000000bb3e0f40,0x00000000bc300000)
}

